2021-11-01 08:56:14-->[loging_handler.py-->INFO-->行号:66-->日志信息:sss]
2021-11-01 08:56:15-->[base_case_test.py-->INFO-->行号:25-->日志信息:=====>用户管理模块:开始执行测试<====]
2021-11-01 08:56:23-->[base_page.py-->INFO-->行号:61-->日志信息:在登录页面，进行登录操作，等待('xpath', "//input[@name='username']")元素可见成功]
2021-11-01 08:56:23-->[base_page.py-->INFO-->行号:168-->日志信息:在登录页面,进行登录操作的时候,对元素('xpath', "//input[@name='username']")输入admin,【成功】]
2021-11-01 08:56:23-->[base_page.py-->INFO-->行号:61-->日志信息:在登录页面，进行登录操作，等待('xpath', "//input[@name='password']")元素可见成功]
2021-11-01 08:56:23-->[base_page.py-->INFO-->行号:168-->日志信息:在登录页面,进行登录操作的时候,对元素('xpath', "//input[@name='password']")输入admin,【成功】]
2021-11-01 08:56:23-->[base_page.py-->INFO-->行号:61-->日志信息:在登录页面，进行登录操作，等待('xpath', "//span[text()='登录']")元素可见成功]
2021-11-01 08:56:23-->[base_page.py-->INFO-->行号:145-->日志信息:在登录页面,进行登录操作的时候,点击元素('xpath', "//span[text()='登录']")成功]
2021-11-01 08:56:24-->[base_page.py-->INFO-->行号:113-->日志信息:在首页,进行点击系统设置操作,等待('xpath', '//span[text()="系统设置"]')元素出现【成功】]
2021-11-01 08:56:24-->[base_page.py-->INFO-->行号:145-->日志信息:在首页,进行点击系统设置操作的时候,点击元素('xpath', '//span[text()="系统设置"]')成功]
2021-11-01 08:56:26-->[base_page.py-->INFO-->行号:113-->日志信息:在首页,进行点击系统配置操作,等待('xpath', "//span[text()='用户管理']")元素出现【成功】]
2021-11-01 08:56:26-->[base_page.py-->INFO-->行号:145-->日志信息:在首页,进行点击系统配置操作的时候,点击元素('xpath', "//span[text()='用户管理']")成功]
2021-11-01 08:56:26-->[test_user_manage.py-->INFO-->行号:93-->日志信息:用户管理模块功能,删除之前获取数据库用户的数量]
2021-11-01 08:56:58-->[test_user_manage.py-->INFO-->行号:96-->日志信息:用户管理模块功能,删除之前数据库用户数量是:65831]
2021-11-01 08:56:58-->[base_page.py-->INFO-->行号:88-->日志信息:在用户管理页面,进行点击全选按钮操作,等待元素('xpath', '//th[@colspan="1"]//div[text()="用户名"]/preceding::th//span//span')可以被点击成功]
2021-11-01 08:56:58-->[base_page.py-->INFO-->行号:145-->日志信息:在用户管理页面,进行点击全选按钮操作的时候,点击元素('xpath', '//th[@colspan="1"]//div[text()="用户名"]/preceding::th//span//span')成功]
2021-11-01 08:56:58-->[base_page.py-->INFO-->行号:113-->日志信息:在用户管理页面,进行操作,等待('xpath', '//input[contains(@placeholder,"已选")]')元素出现【成功】]
2021-11-01 08:56:58-->[base_page.py-->INFO-->行号:145-->日志信息:在用户管理页面,进行操作的时候,点击元素('xpath', '//input[contains(@placeholder,"已选")]')成功]
2021-11-01 08:56:59-->[base_page.py-->INFO-->行号:113-->日志信息:在用户管理页面,进行选择删除选项操作,等待('xpath', '//span[text()="删除"]')元素出现【成功】]
2021-11-01 08:56:59-->[base_page.py-->INFO-->行号:145-->日志信息:在用户管理页面,进行选择删除选项操作的时候,点击元素('xpath', '//span[text()="删除"]')成功]
2021-11-01 08:57:00-->[base_page.py-->INFO-->行号:113-->日志信息:在首页,进行点击系统设置操作,等待('xpath', '//span[text()="系统设置"]')元素出现【成功】]
2021-11-01 08:57:01-->[base_page.py-->ERROR-->行号:141-->日志信息:在首页,点击系统设置操作的时候，点击元素('xpath', '//span[text()="系统设置"]')失败]
Traceback (most recent call last):
  File "/Users/yantianpeng/Desktop/exam_ui_auto/page_object/base_page.py", line 139, in click_element
    self.element.click();
  File "/usr/local/lib/python3.8/site-packages/selenium/webdriver/remote/webelement.py", line 80, in click
    self._execute(Command.CLICK_ELEMENT)
  File "/usr/local/lib/python3.8/site-packages/selenium/webdriver/remote/webelement.py", line 633, in _execute
    return self._parent.execute(command, params)
  File "/usr/local/lib/python3.8/site-packages/selenium/webdriver/remote/webdriver.py", line 321, in execute
    self.error_handler.check_response(response)
  File "/usr/local/lib/python3.8/site-packages/selenium/webdriver/remote/errorhandler.py", line 242, in check_response
    raise exception_class(message, screen, stacktrace)
selenium.common.exceptions.ElementClickInterceptedException: Message: element click intercepted: Element <span>...</span> is not clickable at point (78, 247). Other element would receive the click: <div tabindex="-1" role="dialog" aria-modal="true" aria-label="提示" class="el-message-box__wrapper" style="z-index: 2003;">...</div>
  (Session info: chrome=95.0.4638.54)

2021-11-01 08:57:02-->[base_case_test.py-->INFO-->行号:29-->日志信息:=====>用户管理模块:执行测试结束<=====]
2021-11-01 09:01:56-->[loging_handler.py-->INFO-->行号:66-->日志信息:sss]
2021-11-01 09:01:56-->[loging_handler.py-->INFO-->行号:66-->日志信息:sss]
2021-11-01 09:01:56-->[base_case_test.py-->INFO-->行号:25-->日志信息:=====>用户管理模块:开始执行测试<====]
2021-11-01 09:01:56-->[base_case_test.py-->INFO-->行号:25-->日志信息:=====>用户管理模块:开始执行测试<====]
2021-11-01 09:02:06-->[base_page.py-->INFO-->行号:61-->日志信息:在登录页面，进行登录操作，等待('xpath', "//input[@name='username']")元素可见成功]
2021-11-01 09:02:06-->[base_page.py-->INFO-->行号:61-->日志信息:在登录页面，进行登录操作，等待('xpath', "//input[@name='username']")元素可见成功]
2021-11-01 09:02:06-->[base_page.py-->INFO-->行号:168-->日志信息:在登录页面,进行登录操作的时候,对元素('xpath', "//input[@name='username']")输入admin,【成功】]
2021-11-01 09:02:06-->[base_page.py-->INFO-->行号:168-->日志信息:在登录页面,进行登录操作的时候,对元素('xpath', "//input[@name='username']")输入admin,【成功】]
2021-11-01 09:02:06-->[base_page.py-->INFO-->行号:61-->日志信息:在登录页面，进行登录操作，等待('xpath', "//input[@name='password']")元素可见成功]
2021-11-01 09:02:06-->[base_page.py-->INFO-->行号:61-->日志信息:在登录页面，进行登录操作，等待('xpath', "//input[@name='password']")元素可见成功]
2021-11-01 09:02:06-->[base_page.py-->INFO-->行号:168-->日志信息:在登录页面,进行登录操作的时候,对元素('xpath', "//input[@name='password']")输入admin,【成功】]
2021-11-01 09:02:06-->[base_page.py-->INFO-->行号:168-->日志信息:在登录页面,进行登录操作的时候,对元素('xpath', "//input[@name='password']")输入admin,【成功】]
2021-11-01 09:02:06-->[base_page.py-->INFO-->行号:61-->日志信息:在登录页面，进行登录操作，等待('xpath', "//span[text()='登录']")元素可见成功]
2021-11-01 09:02:06-->[base_page.py-->INFO-->行号:61-->日志信息:在登录页面，进行登录操作，等待('xpath', "//span[text()='登录']")元素可见成功]
2021-11-01 09:02:06-->[base_page.py-->INFO-->行号:145-->日志信息:在登录页面,进行登录操作的时候,点击元素('xpath', "//span[text()='登录']")成功]
2021-11-01 09:02:06-->[base_page.py-->INFO-->行号:145-->日志信息:在登录页面,进行登录操作的时候,点击元素('xpath', "//span[text()='登录']")成功]
2021-11-01 09:02:06-->[base_page.py-->INFO-->行号:113-->日志信息:在首页,进行点击系统设置操作,等待('xpath', '//span[text()="系统设置"]')元素出现【成功】]
2021-11-01 09:02:06-->[base_page.py-->INFO-->行号:113-->日志信息:在首页,进行点击系统设置操作,等待('xpath', '//span[text()="系统设置"]')元素出现【成功】]
2021-11-01 09:02:06-->[base_page.py-->INFO-->行号:145-->日志信息:在首页,进行点击系统设置操作的时候,点击元素('xpath', '//span[text()="系统设置"]')成功]
2021-11-01 09:02:06-->[base_page.py-->INFO-->行号:145-->日志信息:在首页,进行点击系统设置操作的时候,点击元素('xpath', '//span[text()="系统设置"]')成功]
2021-11-01 09:02:08-->[base_page.py-->INFO-->行号:113-->日志信息:在首页,进行点击系统配置操作,等待('xpath', "//span[text()='用户管理']")元素出现【成功】]
2021-11-01 09:02:08-->[base_page.py-->INFO-->行号:113-->日志信息:在首页,进行点击系统配置操作,等待('xpath', "//span[text()='用户管理']")元素出现【成功】]
2021-11-01 09:02:08-->[base_page.py-->INFO-->行号:145-->日志信息:在首页,进行点击系统配置操作的时候,点击元素('xpath', "//span[text()='用户管理']")成功]
2021-11-01 09:02:08-->[base_page.py-->INFO-->行号:145-->日志信息:在首页,进行点击系统配置操作的时候,点击元素('xpath', "//span[text()='用户管理']")成功]
2021-11-01 09:02:08-->[test_user_manage.py-->INFO-->行号:93-->日志信息:用户管理模块功能,删除之前获取数据库用户的数量]
2021-11-01 09:02:08-->[test_user_manage.py-->INFO-->行号:93-->日志信息:用户管理模块功能,删除之前获取数据库用户的数量]
2021-11-01 09:02:15-->[test_user_manage.py-->INFO-->行号:96-->日志信息:用户管理模块功能,删除之前数据库用户数量是:65821]
2021-11-01 09:02:15-->[test_user_manage.py-->INFO-->行号:96-->日志信息:用户管理模块功能,删除之前数据库用户数量是:65821]
2021-11-01 09:02:15-->[base_page.py-->INFO-->行号:88-->日志信息:在用户管理页面,进行点击全选按钮操作,等待元素('xpath', '//th[@colspan="1"]//div[text()="用户名"]/preceding::th//span//span')可以被点击成功]
2021-11-01 09:02:15-->[base_page.py-->INFO-->行号:88-->日志信息:在用户管理页面,进行点击全选按钮操作,等待元素('xpath', '//th[@colspan="1"]//div[text()="用户名"]/preceding::th//span//span')可以被点击成功]
2021-11-01 09:02:15-->[base_page.py-->INFO-->行号:145-->日志信息:在用户管理页面,进行点击全选按钮操作的时候,点击元素('xpath', '//th[@colspan="1"]//div[text()="用户名"]/preceding::th//span//span')成功]
2021-11-01 09:02:15-->[base_page.py-->INFO-->行号:145-->日志信息:在用户管理页面,进行点击全选按钮操作的时候,点击元素('xpath', '//th[@colspan="1"]//div[text()="用户名"]/preceding::th//span//span')成功]
2021-11-01 09:02:16-->[base_page.py-->INFO-->行号:113-->日志信息:在用户管理页面,进行操作,等待('xpath', '//input[contains(@placeholder,"已选")]')元素出现【成功】]
2021-11-01 09:02:16-->[base_page.py-->INFO-->行号:113-->日志信息:在用户管理页面,进行操作,等待('xpath', '//input[contains(@placeholder,"已选")]')元素出现【成功】]
2021-11-01 09:02:16-->[base_page.py-->INFO-->行号:145-->日志信息:在用户管理页面,进行操作的时候,点击元素('xpath', '//input[contains(@placeholder,"已选")]')成功]
2021-11-01 09:02:16-->[base_page.py-->INFO-->行号:145-->日志信息:在用户管理页面,进行操作的时候,点击元素('xpath', '//input[contains(@placeholder,"已选")]')成功]
2021-11-01 09:02:17-->[base_page.py-->INFO-->行号:113-->日志信息:在用户管理页面,进行选择删除选项操作,等待('xpath', '//span[text()="删除"]')元素出现【成功】]
2021-11-01 09:02:17-->[base_page.py-->INFO-->行号:113-->日志信息:在用户管理页面,进行选择删除选项操作,等待('xpath', '//span[text()="删除"]')元素出现【成功】]
2021-11-01 09:02:17-->[base_page.py-->INFO-->行号:145-->日志信息:在用户管理页面,进行选择删除选项操作的时候,点击元素('xpath', '//span[text()="删除"]')成功]
2021-11-01 09:02:17-->[base_page.py-->INFO-->行号:145-->日志信息:在用户管理页面,进行选择删除选项操作的时候,点击元素('xpath', '//span[text()="删除"]')成功]
2021-11-01 09:02:18-->[base_page.py-->INFO-->行号:113-->日志信息:在用户管理页面,进行删除操作点击确认,点击确定操作,等待('xpath', "//span[contains(text(),'确定')]")元素出现【成功】]
2021-11-01 09:02:18-->[base_page.py-->INFO-->行号:113-->日志信息:在用户管理页面,进行删除操作点击确认,点击确定操作,等待('xpath', "//span[contains(text(),'确定')]")元素出现【成功】]
2021-11-01 09:02:18-->[base_page.py-->INFO-->行号:145-->日志信息:在用户管理页面,进行删除操作点击确认,点击确定操作的时候,点击元素('xpath', "//span[contains(text(),'确定')]")成功]
2021-11-01 09:02:18-->[base_page.py-->INFO-->行号:145-->日志信息:在用户管理页面,进行删除操作点击确认,点击确定操作的时候,点击元素('xpath', "//span[contains(text(),'确定')]")成功]
2021-11-01 09:02:18-->[base_page.py-->INFO-->行号:113-->日志信息:在用户管理页面,进行获取修改成功信息操作,等待('xpath', "//p[@class='el-message__content']")元素出现【成功】]
2021-11-01 09:02:18-->[base_page.py-->INFO-->行号:113-->日志信息:在用户管理页面,进行获取修改成功信息操作,等待('xpath', "//p[@class='el-message__content']")元素出现【成功】]
2021-11-01 09:02:18-->[base_page.py-->INFO-->行号:186-->日志信息:在用户管理页面,进行>>获取修改成功信息<<操作获取元素('xpath', "//p[@class='el-message__content']")文本内容【成功】,文本内容是:删除成功!]
2021-11-01 09:02:18-->[base_page.py-->INFO-->行号:186-->日志信息:在用户管理页面,进行>>获取修改成功信息<<操作获取元素('xpath', "//p[@class='el-message__content']")文本内容【成功】,文本内容是:删除成功!]
2021-11-01 09:02:18-->[base_case_test.py-->INFO-->行号:49-->日志信息:XX功能:断言成功]
2021-11-01 09:02:18-->[base_case_test.py-->INFO-->行号:49-->日志信息:XX功能:断言成功]
2021-11-01 09:02:18-->[test_user_manage.py-->ERROR-->行号:111-->日志信息:三四十]
Traceback (most recent call last):
  File "/Users/yantianpeng/Desktop/exam_ui_auto/testcase/test_user_manage.py", line 105, in test_delete_all_user
    if data["sql"]=="1":
KeyError: 'sql'
2021-11-01 09:02:18-->[test_user_manage.py-->ERROR-->行号:111-->日志信息:三四十]
Traceback (most recent call last):
  File "/Users/yantianpeng/Desktop/exam_ui_auto/testcase/test_user_manage.py", line 105, in test_delete_all_user
    if data["sql"]=="1":
KeyError: 'sql'
2021-11-01 09:02:19-->[base_page.py-->INFO-->行号:113-->日志信息:在首页,进行点击系统设置操作,等待('xpath', '//span[text()="系统设置"]')元素出现【成功】]
2021-11-01 09:02:19-->[base_page.py-->INFO-->行号:113-->日志信息:在首页,进行点击系统设置操作,等待('xpath', '//span[text()="系统设置"]')元素出现【成功】]
2021-11-01 09:02:19-->[base_page.py-->INFO-->行号:145-->日志信息:在首页,进行点击系统设置操作的时候,点击元素('xpath', '//span[text()="系统设置"]')成功]
2021-11-01 09:02:19-->[base_page.py-->INFO-->行号:145-->日志信息:在首页,进行点击系统设置操作的时候,点击元素('xpath', '//span[text()="系统设置"]')成功]
2021-11-01 09:02:21-->[test_user_manage.py-->INFO-->行号:93-->日志信息:用户管理模块功能,删除之前获取数据库用户的数量]
2021-11-01 09:02:21-->[test_user_manage.py-->INFO-->行号:93-->日志信息:用户管理模块功能,删除之前获取数据库用户的数量]
2021-11-01 09:02:27-->[test_user_manage.py-->INFO-->行号:96-->日志信息:用户管理模块功能,删除之前数据库用户数量是:65811]
2021-11-01 09:02:27-->[test_user_manage.py-->INFO-->行号:96-->日志信息:用户管理模块功能,删除之前数据库用户数量是:65811]
2021-11-01 09:02:27-->[base_case_test.py-->INFO-->行号:29-->日志信息:=====>用户管理模块:执行测试结束<=====]
2021-11-01 09:02:27-->[base_case_test.py-->INFO-->行号:29-->日志信息:=====>用户管理模块:执行测试结束<=====]
2021-11-23 07:03:18-->[loging_handler.py-->INFO-->行号:66-->日志信息:sss]
2021-11-23 07:03:18-->[base_case_test.py-->INFO-->行号:25-->日志信息:=====>用户管理模块:开始执行测试<====]
2021-11-23 07:03:21-->[base_case_test.py-->INFO-->行号:29-->日志信息:=====>用户管理模块:执行测试结束<=====]
