2021-11-29 05:38:35-->[loging_handler.py-->INFO-->行号:66-->日志信息:sss]
2021-11-29 05:38:35-->[loging_handler.py-->INFO-->行号:66-->日志信息:sss]
2021-11-29 05:42:57-->[loging_handler.py-->INFO-->行号:66-->日志信息:sss]
2021-11-29 05:42:57-->[loging_handler.py-->INFO-->行号:66-->日志信息:sss]
2021-11-29 05:43:36-->[loging_handler.py-->INFO-->行号:66-->日志信息:sss]
2021-11-29 05:43:36-->[loging_handler.py-->INFO-->行号:66-->日志信息:sss]
2021-11-29 05:43:36-->[base_case_test.py-->INFO-->行号:25-->日志信息:=====>登录功能:开始执行测试<====]
2021-11-29 05:43:36-->[base_case_test.py-->INFO-->行号:25-->日志信息:=====>登录功能:开始执行测试<====]
2021-11-29 05:43:41-->[base_case_test.py-->INFO-->行号:29-->日志信息:=====>登录功能:执行测试结束<=====]
2021-11-29 05:43:41-->[base_case_test.py-->INFO-->行号:29-->日志信息:=====>登录功能:执行测试结束<=====]
2021-11-29 05:44:58-->[loging_handler.py-->INFO-->行号:66-->日志信息:sss]
2021-11-29 05:44:58-->[loging_handler.py-->INFO-->行号:66-->日志信息:sss]
2021-11-29 05:46:39-->[loging_handler.py-->INFO-->行号:66-->日志信息:sss]
2021-11-29 05:46:39-->[loging_handler.py-->INFO-->行号:66-->日志信息:sss]
2021-11-29 05:47:27-->[loging_handler.py-->INFO-->行号:66-->日志信息:sss]
2021-11-29 05:47:27-->[loging_handler.py-->INFO-->行号:66-->日志信息:sss]
2021-11-29 05:49:34-->[loging_handler.py-->INFO-->行号:66-->日志信息:sss]
2021-11-29 05:49:34-->[loging_handler.py-->INFO-->行号:66-->日志信息:sss]
2021-11-29 05:49:34-->[base_case_test.py-->INFO-->行号:25-->日志信息:=====>部门管理:开始执行测试<====]
2021-11-29 05:49:34-->[base_case_test.py-->INFO-->行号:25-->日志信息:=====>部门管理:开始执行测试<====]
2021-11-29 05:49:42-->[base_page.py-->INFO-->行号:70-->日志信息:在登录页面，进行登录操作，等待('xpath', "//input[@name='username']")元素可见成功]
2021-11-29 05:49:42-->[base_page.py-->INFO-->行号:70-->日志信息:在登录页面，进行登录操作，等待('xpath', "//input[@name='username']")元素可见成功]
2021-11-29 05:49:42-->[base_page.py-->INFO-->行号:177-->日志信息:在登录页面,进行登录操作的时候,对元素('xpath', "//input[@name='username']")输入admin,【成功】]
2021-11-29 05:49:42-->[base_page.py-->INFO-->行号:177-->日志信息:在登录页面,进行登录操作的时候,对元素('xpath', "//input[@name='username']")输入admin,【成功】]
2021-11-29 05:49:42-->[base_page.py-->INFO-->行号:70-->日志信息:在登录页面，进行登录操作，等待('xpath', "//input[@name='password']")元素可见成功]
2021-11-29 05:49:42-->[base_page.py-->INFO-->行号:70-->日志信息:在登录页面，进行登录操作，等待('xpath', "//input[@name='password']")元素可见成功]
2021-11-29 05:49:42-->[base_page.py-->INFO-->行号:177-->日志信息:在登录页面,进行登录操作的时候,对元素('xpath', "//input[@name='password']")输入admin,【成功】]
2021-11-29 05:49:42-->[base_page.py-->INFO-->行号:177-->日志信息:在登录页面,进行登录操作的时候,对元素('xpath', "//input[@name='password']")输入admin,【成功】]
2021-11-29 05:49:42-->[base_page.py-->INFO-->行号:70-->日志信息:在登录页面，进行登录操作，等待('xpath', "//span[text()='登录']")元素可见成功]
2021-11-29 05:49:42-->[base_page.py-->INFO-->行号:70-->日志信息:在登录页面，进行登录操作，等待('xpath', "//span[text()='登录']")元素可见成功]
2021-11-29 05:49:42-->[base_page.py-->INFO-->行号:154-->日志信息:在登录页面,进行登录操作的时候,点击元素('xpath', "//span[text()='登录']")成功]
2021-11-29 05:49:42-->[base_page.py-->INFO-->行号:154-->日志信息:在登录页面,进行登录操作的时候,点击元素('xpath', "//span[text()='登录']")成功]
2021-11-29 05:49:43-->[base_page.py-->INFO-->行号:122-->日志信息:在首页,进行点击系统设置操作,等待('xpath', '//span[text()="系统设置"]')元素出现【成功】]
2021-11-29 05:49:43-->[base_page.py-->INFO-->行号:122-->日志信息:在首页,进行点击系统设置操作,等待('xpath', '//span[text()="系统设置"]')元素出现【成功】]
2021-11-29 05:49:43-->[base_page.py-->INFO-->行号:154-->日志信息:在首页,进行点击系统设置操作的时候,点击元素('xpath', '//span[text()="系统设置"]')成功]
2021-11-29 05:49:43-->[base_page.py-->INFO-->行号:154-->日志信息:在首页,进行点击系统设置操作的时候,点击元素('xpath', '//span[text()="系统设置"]')成功]
2021-11-29 05:49:45-->[base_page.py-->INFO-->行号:122-->日志信息:在首页,进行点击部门管理操作,等待('xpath', '//span[text()="部门管理"]')元素出现【成功】]
2021-11-29 05:49:45-->[base_page.py-->INFO-->行号:122-->日志信息:在首页,进行点击部门管理操作,等待('xpath', '//span[text()="部门管理"]')元素出现【成功】]
2021-11-29 05:49:45-->[base_page.py-->INFO-->行号:154-->日志信息:在首页,进行点击部门管理操作的时候,点击元素('xpath', '//span[text()="部门管理"]')成功]
2021-11-29 05:49:45-->[base_page.py-->INFO-->行号:154-->日志信息:在首页,进行点击部门管理操作的时候,点击元素('xpath', '//span[text()="部门管理"]')成功]
2021-11-29 05:49:45-->[test_dept_manage.py-->INFO-->行号:39-->日志信息:在部门管理页面，生成的用户名是d_rhikz]
2021-11-29 05:49:45-->[test_dept_manage.py-->INFO-->行号:39-->日志信息:在部门管理页面，生成的用户名是d_rhikz]
2021-11-29 05:49:46-->[base_page.py-->INFO-->行号:122-->日志信息:在用户管理界面,进行输入部门名称操作,等待('xpath', "//input[@placeholder='搜索公司名称']")元素出现【成功】]
2021-11-29 05:49:46-->[base_page.py-->INFO-->行号:122-->日志信息:在用户管理界面,进行输入部门名称操作,等待('xpath', "//input[@placeholder='搜索公司名称']")元素出现【成功】]
2021-11-29 05:49:46-->[base_page.py-->INFO-->行号:177-->日志信息:在用户管理界面,进行输入部门名称操作的时候,对元素('xpath', "//input[@placeholder='搜索公司名称']")输入d_rhikz,【成功】]
2021-11-29 05:49:46-->[base_page.py-->INFO-->行号:177-->日志信息:在用户管理界面,进行输入部门名称操作的时候,对元素('xpath', "//input[@placeholder='搜索公司名称']")输入d_rhikz,【成功】]
2021-11-29 05:49:46-->[test_dept_manage.py-->INFO-->行号:45-->日志信息:部门管理页面开始断言]
2021-11-29 05:49:46-->[test_dept_manage.py-->INFO-->行号:45-->日志信息:部门管理页面开始断言]
2021-11-29 05:49:50-->[base_page.py-->INFO-->行号:122-->日志信息:在首页,进行点击系统设置操作,等待('xpath', '//span[text()="系统设置"]')元素出现【成功】]
2021-11-29 05:49:50-->[base_page.py-->INFO-->行号:122-->日志信息:在首页,进行点击系统设置操作,等待('xpath', '//span[text()="系统设置"]')元素出现【成功】]
2021-11-29 05:49:50-->[base_page.py-->INFO-->行号:154-->日志信息:在首页,进行点击系统设置操作的时候,点击元素('xpath', '//span[text()="系统设置"]')成功]
2021-11-29 05:49:50-->[base_page.py-->INFO-->行号:154-->日志信息:在首页,进行点击系统设置操作的时候,点击元素('xpath', '//span[text()="系统设置"]')成功]
2021-11-29 05:49:52-->[base_page.py-->INFO-->行号:122-->日志信息:在用户管理界面,进行输入部门名称操作,等待('xpath', "//input[@placeholder='搜索公司名称']")元素出现【成功】]
2021-11-29 05:49:52-->[base_page.py-->INFO-->行号:122-->日志信息:在用户管理界面,进行输入部门名称操作,等待('xpath', "//input[@placeholder='搜索公司名称']")元素出现【成功】]
2021-11-29 05:49:52-->[base_page.py-->INFO-->行号:177-->日志信息:在用户管理界面,进行输入部门名称操作的时候,对元素('xpath', "//input[@placeholder='搜索公司名称']")输入5,【成功】]
2021-11-29 05:49:52-->[base_page.py-->INFO-->行号:177-->日志信息:在用户管理界面,进行输入部门名称操作的时候,对元素('xpath', "//input[@placeholder='搜索公司名称']")输入5,【成功】]
2021-11-29 05:49:52-->[test_dept_manage.py-->INFO-->行号:45-->日志信息:部门管理页面开始断言]
2021-11-29 05:49:52-->[test_dept_manage.py-->INFO-->行号:45-->日志信息:部门管理页面开始断言]
2021-11-29 05:49:56-->[base_case_test.py-->INFO-->行号:29-->日志信息:=====>部门管理:执行测试结束<=====]
2021-11-29 05:49:56-->[base_case_test.py-->INFO-->行号:29-->日志信息:=====>部门管理:执行测试结束<=====]
2021-11-29 05:53:16-->[loging_handler.py-->INFO-->行号:66-->日志信息:sss]
2021-11-29 05:53:16-->[loging_handler.py-->INFO-->行号:66-->日志信息:sss]
2021-11-29 05:53:16-->[base_case_test.py-->INFO-->行号:25-->日志信息:=====>部门管理:开始执行测试<====]
2021-11-29 05:53:16-->[base_case_test.py-->INFO-->行号:25-->日志信息:=====>部门管理:开始执行测试<====]
2021-11-29 05:53:24-->[base_page.py-->INFO-->行号:70-->日志信息:在登录页面，进行登录操作，等待('xpath', "//input[@name='username']")元素可见成功]
2021-11-29 05:53:24-->[base_page.py-->INFO-->行号:70-->日志信息:在登录页面，进行登录操作，等待('xpath', "//input[@name='username']")元素可见成功]
2021-11-29 05:53:24-->[base_page.py-->INFO-->行号:177-->日志信息:在登录页面,进行登录操作的时候,对元素('xpath', "//input[@name='username']")输入admin,【成功】]
2021-11-29 05:53:24-->[base_page.py-->INFO-->行号:177-->日志信息:在登录页面,进行登录操作的时候,对元素('xpath', "//input[@name='username']")输入admin,【成功】]
2021-11-29 05:53:24-->[base_page.py-->INFO-->行号:70-->日志信息:在登录页面，进行登录操作，等待('xpath', "//input[@name='password']")元素可见成功]
2021-11-29 05:53:24-->[base_page.py-->INFO-->行号:70-->日志信息:在登录页面，进行登录操作，等待('xpath', "//input[@name='password']")元素可见成功]
2021-11-29 05:53:25-->[base_page.py-->INFO-->行号:177-->日志信息:在登录页面,进行登录操作的时候,对元素('xpath', "//input[@name='password']")输入admin,【成功】]
2021-11-29 05:53:25-->[base_page.py-->INFO-->行号:177-->日志信息:在登录页面,进行登录操作的时候,对元素('xpath', "//input[@name='password']")输入admin,【成功】]
2021-11-29 05:53:25-->[base_page.py-->INFO-->行号:70-->日志信息:在登录页面，进行登录操作，等待('xpath', "//span[text()='登录']")元素可见成功]
2021-11-29 05:53:25-->[base_page.py-->INFO-->行号:70-->日志信息:在登录页面，进行登录操作，等待('xpath', "//span[text()='登录']")元素可见成功]
2021-11-29 05:53:25-->[base_page.py-->INFO-->行号:154-->日志信息:在登录页面,进行登录操作的时候,点击元素('xpath', "//span[text()='登录']")成功]
2021-11-29 05:53:25-->[base_page.py-->INFO-->行号:154-->日志信息:在登录页面,进行登录操作的时候,点击元素('xpath', "//span[text()='登录']")成功]
2021-11-29 05:53:26-->[base_page.py-->INFO-->行号:122-->日志信息:在首页,进行点击系统设置操作,等待('xpath', '//span[text()="系统设置"]')元素出现【成功】]
2021-11-29 05:53:26-->[base_page.py-->INFO-->行号:122-->日志信息:在首页,进行点击系统设置操作,等待('xpath', '//span[text()="系统设置"]')元素出现【成功】]
2021-11-29 05:53:26-->[base_page.py-->INFO-->行号:154-->日志信息:在首页,进行点击系统设置操作的时候,点击元素('xpath', '//span[text()="系统设置"]')成功]
2021-11-29 05:53:26-->[base_page.py-->INFO-->行号:154-->日志信息:在首页,进行点击系统设置操作的时候,点击元素('xpath', '//span[text()="系统设置"]')成功]
2021-11-29 05:53:28-->[base_page.py-->INFO-->行号:122-->日志信息:在首页,进行点击部门管理操作,等待('xpath', '//span[text()="部门管理"]')元素出现【成功】]
2021-11-29 05:53:28-->[base_page.py-->INFO-->行号:122-->日志信息:在首页,进行点击部门管理操作,等待('xpath', '//span[text()="部门管理"]')元素出现【成功】]
2021-11-29 05:53:28-->[base_page.py-->INFO-->行号:154-->日志信息:在首页,进行点击部门管理操作的时候,点击元素('xpath', '//span[text()="部门管理"]')成功]
2021-11-29 05:53:28-->[base_page.py-->INFO-->行号:154-->日志信息:在首页,进行点击部门管理操作的时候,点击元素('xpath', '//span[text()="部门管理"]')成功]
2021-11-29 05:53:28-->[test_dept_manage.py-->INFO-->行号:39-->日志信息:在部门管理页面，生成的用户名是d_mguei]
2021-11-29 05:53:28-->[test_dept_manage.py-->INFO-->行号:39-->日志信息:在部门管理页面，生成的用户名是d_mguei]
2021-11-29 05:53:29-->[base_page.py-->INFO-->行号:122-->日志信息:在用户管理界面,进行输入部门名称操作,等待('xpath', "//input[@placeholder='搜索公司名称']")元素出现【成功】]
2021-11-29 05:53:29-->[base_page.py-->INFO-->行号:122-->日志信息:在用户管理界面,进行输入部门名称操作,等待('xpath', "//input[@placeholder='搜索公司名称']")元素出现【成功】]
2021-11-29 05:53:30-->[base_page.py-->INFO-->行号:177-->日志信息:在用户管理界面,进行输入部门名称操作的时候,对元素('xpath', "//input[@placeholder='搜索公司名称']")输入d_mguei,【成功】]
2021-11-29 05:53:30-->[base_page.py-->INFO-->行号:177-->日志信息:在用户管理界面,进行输入部门名称操作的时候,对元素('xpath', "//input[@placeholder='搜索公司名称']")输入d_mguei,【成功】]
2021-11-29 05:53:30-->[test_dept_manage.py-->INFO-->行号:45-->日志信息:部门管理页面开始断言]
2021-11-29 05:53:30-->[test_dept_manage.py-->INFO-->行号:45-->日志信息:部门管理页面开始断言]
2021-11-29 05:53:34-->[base_page.py-->INFO-->行号:122-->日志信息:在首页,进行点击系统设置操作,等待('xpath', '//span[text()="系统设置"]')元素出现【成功】]
2021-11-29 05:53:34-->[base_page.py-->INFO-->行号:122-->日志信息:在首页,进行点击系统设置操作,等待('xpath', '//span[text()="系统设置"]')元素出现【成功】]
2021-11-29 05:53:34-->[base_page.py-->INFO-->行号:154-->日志信息:在首页,进行点击系统设置操作的时候,点击元素('xpath', '//span[text()="系统设置"]')成功]
2021-11-29 05:53:34-->[base_page.py-->INFO-->行号:154-->日志信息:在首页,进行点击系统设置操作的时候,点击元素('xpath', '//span[text()="系统设置"]')成功]
2021-11-29 05:53:36-->[base_page.py-->INFO-->行号:122-->日志信息:在用户管理界面,进行输入部门名称操作,等待('xpath', "//input[@placeholder='搜索公司名称']")元素出现【成功】]
2021-11-29 05:53:36-->[base_page.py-->INFO-->行号:122-->日志信息:在用户管理界面,进行输入部门名称操作,等待('xpath', "//input[@placeholder='搜索公司名称']")元素出现【成功】]
2021-11-29 05:53:36-->[base_page.py-->INFO-->行号:177-->日志信息:在用户管理界面,进行输入部门名称操作的时候,对元素('xpath', "//input[@placeholder='搜索公司名称']")输入5,【成功】]
2021-11-29 05:53:36-->[base_page.py-->INFO-->行号:177-->日志信息:在用户管理界面,进行输入部门名称操作的时候,对元素('xpath', "//input[@placeholder='搜索公司名称']")输入5,【成功】]
2021-11-29 05:53:36-->[test_dept_manage.py-->INFO-->行号:45-->日志信息:部门管理页面开始断言]
2021-11-29 05:53:36-->[test_dept_manage.py-->INFO-->行号:45-->日志信息:部门管理页面开始断言]
2021-11-29 05:53:40-->[base_case_test.py-->INFO-->行号:29-->日志信息:=====>部门管理:执行测试结束<=====]
2021-11-29 05:53:40-->[base_case_test.py-->INFO-->行号:29-->日志信息:=====>部门管理:执行测试结束<=====]
2021-11-29 05:55:46-->[loging_handler.py-->INFO-->行号:66-->日志信息:sss]
2021-11-29 05:55:46-->[loging_handler.py-->INFO-->行号:66-->日志信息:sss]
2021-11-29 05:55:47-->[base_case_test.py-->INFO-->行号:25-->日志信息:=====>部门管理:开始执行测试<====]
2021-11-29 05:55:47-->[base_case_test.py-->INFO-->行号:25-->日志信息:=====>部门管理:开始执行测试<====]
2021-11-29 05:55:56-->[base_page.py-->INFO-->行号:70-->日志信息:在登录页面，进行登录操作，等待('xpath', "//input[@name='username']")元素可见成功]
2021-11-29 05:55:56-->[base_page.py-->INFO-->行号:70-->日志信息:在登录页面，进行登录操作，等待('xpath', "//input[@name='username']")元素可见成功]
2021-11-29 05:55:56-->[base_page.py-->INFO-->行号:177-->日志信息:在登录页面,进行登录操作的时候,对元素('xpath', "//input[@name='username']")输入admin,【成功】]
2021-11-29 05:55:56-->[base_page.py-->INFO-->行号:177-->日志信息:在登录页面,进行登录操作的时候,对元素('xpath', "//input[@name='username']")输入admin,【成功】]
2021-11-29 05:55:56-->[base_page.py-->INFO-->行号:70-->日志信息:在登录页面，进行登录操作，等待('xpath', "//input[@name='password']")元素可见成功]
2021-11-29 05:55:56-->[base_page.py-->INFO-->行号:70-->日志信息:在登录页面，进行登录操作，等待('xpath', "//input[@name='password']")元素可见成功]
2021-11-29 05:55:56-->[base_page.py-->INFO-->行号:177-->日志信息:在登录页面,进行登录操作的时候,对元素('xpath', "//input[@name='password']")输入admin,【成功】]
2021-11-29 05:55:56-->[base_page.py-->INFO-->行号:177-->日志信息:在登录页面,进行登录操作的时候,对元素('xpath', "//input[@name='password']")输入admin,【成功】]
2021-11-29 05:55:56-->[base_page.py-->INFO-->行号:70-->日志信息:在登录页面，进行登录操作，等待('xpath', "//span[text()='登录']")元素可见成功]
2021-11-29 05:55:56-->[base_page.py-->INFO-->行号:70-->日志信息:在登录页面，进行登录操作，等待('xpath', "//span[text()='登录']")元素可见成功]
2021-11-29 05:55:56-->[base_page.py-->INFO-->行号:154-->日志信息:在登录页面,进行登录操作的时候,点击元素('xpath', "//span[text()='登录']")成功]
2021-11-29 05:55:56-->[base_page.py-->INFO-->行号:154-->日志信息:在登录页面,进行登录操作的时候,点击元素('xpath', "//span[text()='登录']")成功]
2021-11-29 05:55:57-->[base_page.py-->INFO-->行号:122-->日志信息:在首页,进行点击系统设置操作,等待('xpath', '//span[text()="系统设置"]')元素出现【成功】]
2021-11-29 05:55:57-->[base_page.py-->INFO-->行号:122-->日志信息:在首页,进行点击系统设置操作,等待('xpath', '//span[text()="系统设置"]')元素出现【成功】]
2021-11-29 05:55:57-->[base_page.py-->INFO-->行号:154-->日志信息:在首页,进行点击系统设置操作的时候,点击元素('xpath', '//span[text()="系统设置"]')成功]
2021-11-29 05:55:57-->[base_page.py-->INFO-->行号:154-->日志信息:在首页,进行点击系统设置操作的时候,点击元素('xpath', '//span[text()="系统设置"]')成功]
2021-11-29 05:55:59-->[base_page.py-->INFO-->行号:122-->日志信息:在首页,进行点击部门管理操作,等待('xpath', '//span[text()="部门管理"]')元素出现【成功】]
2021-11-29 05:55:59-->[base_page.py-->INFO-->行号:122-->日志信息:在首页,进行点击部门管理操作,等待('xpath', '//span[text()="部门管理"]')元素出现【成功】]
2021-11-29 05:55:59-->[base_page.py-->INFO-->行号:154-->日志信息:在首页,进行点击部门管理操作的时候,点击元素('xpath', '//span[text()="部门管理"]')成功]
2021-11-29 05:55:59-->[base_page.py-->INFO-->行号:154-->日志信息:在首页,进行点击部门管理操作的时候,点击元素('xpath', '//span[text()="部门管理"]')成功]
2021-11-29 05:56:04-->[test_dept_manage.py-->INFO-->行号:39-->日志信息:在部门管理页面，生成的用户名是d_oapyp]
2021-11-29 05:56:04-->[test_dept_manage.py-->INFO-->行号:39-->日志信息:在部门管理页面，生成的用户名是d_oapyp]
2021-11-29 05:56:04-->[base_page.py-->INFO-->行号:122-->日志信息:在用户管理界面,进行输入部门名称操作,等待('xpath', "//input[@placeholder='搜索公司名称']")元素出现【成功】]
2021-11-29 05:56:04-->[base_page.py-->INFO-->行号:122-->日志信息:在用户管理界面,进行输入部门名称操作,等待('xpath', "//input[@placeholder='搜索公司名称']")元素出现【成功】]
2021-11-29 05:56:04-->[base_page.py-->INFO-->行号:177-->日志信息:在用户管理界面,进行输入部门名称操作的时候,对元素('xpath', "//input[@placeholder='搜索公司名称']")输入d_oapyp,【成功】]
2021-11-29 05:56:04-->[base_page.py-->INFO-->行号:177-->日志信息:在用户管理界面,进行输入部门名称操作的时候,对元素('xpath', "//input[@placeholder='搜索公司名称']")输入d_oapyp,【成功】]
2021-11-29 05:56:04-->[test_dept_manage.py-->INFO-->行号:45-->日志信息:部门管理页面开始断言]
2021-11-29 05:56:04-->[test_dept_manage.py-->INFO-->行号:45-->日志信息:部门管理页面开始断言]
2021-11-29 05:56:08-->[base_page.py-->INFO-->行号:122-->日志信息:在首页,进行点击系统设置操作,等待('xpath', '//span[text()="系统设置"]')元素出现【成功】]
2021-11-29 05:56:08-->[base_page.py-->INFO-->行号:122-->日志信息:在首页,进行点击系统设置操作,等待('xpath', '//span[text()="系统设置"]')元素出现【成功】]
2021-11-29 05:56:08-->[base_page.py-->INFO-->行号:154-->日志信息:在首页,进行点击系统设置操作的时候,点击元素('xpath', '//span[text()="系统设置"]')成功]
2021-11-29 05:56:08-->[base_page.py-->INFO-->行号:154-->日志信息:在首页,进行点击系统设置操作的时候,点击元素('xpath', '//span[text()="系统设置"]')成功]
2021-11-29 05:56:10-->[base_page.py-->INFO-->行号:122-->日志信息:在用户管理界面,进行输入部门名称操作,等待('xpath', "//input[@placeholder='搜索公司名称']")元素出现【成功】]
2021-11-29 05:56:10-->[base_page.py-->INFO-->行号:122-->日志信息:在用户管理界面,进行输入部门名称操作,等待('xpath', "//input[@placeholder='搜索公司名称']")元素出现【成功】]
2021-11-29 05:56:10-->[base_page.py-->INFO-->行号:177-->日志信息:在用户管理界面,进行输入部门名称操作的时候,对元素('xpath', "//input[@placeholder='搜索公司名称']")输入5,【成功】]
2021-11-29 05:56:10-->[base_page.py-->INFO-->行号:177-->日志信息:在用户管理界面,进行输入部门名称操作的时候,对元素('xpath', "//input[@placeholder='搜索公司名称']")输入5,【成功】]
2021-11-29 05:56:10-->[test_dept_manage.py-->INFO-->行号:45-->日志信息:部门管理页面开始断言]
2021-11-29 05:56:10-->[test_dept_manage.py-->INFO-->行号:45-->日志信息:部门管理页面开始断言]
2021-11-29 05:56:14-->[base_case_test.py-->INFO-->行号:29-->日志信息:=====>部门管理:执行测试结束<=====]
2021-11-29 05:56:14-->[base_case_test.py-->INFO-->行号:29-->日志信息:=====>部门管理:执行测试结束<=====]
2021-11-29 05:56:43-->[loging_handler.py-->INFO-->行号:66-->日志信息:sss]
2021-11-29 05:56:43-->[loging_handler.py-->INFO-->行号:66-->日志信息:sss]
2021-11-29 05:56:43-->[base_case_test.py-->INFO-->行号:25-->日志信息:=====>部门管理:开始执行测试<====]
2021-11-29 05:56:43-->[base_case_test.py-->INFO-->行号:25-->日志信息:=====>部门管理:开始执行测试<====]
2021-11-29 05:56:52-->[base_page.py-->INFO-->行号:70-->日志信息:在登录页面，进行登录操作，等待('xpath', "//input[@name='username']")元素可见成功]
2021-11-29 05:56:52-->[base_page.py-->INFO-->行号:70-->日志信息:在登录页面，进行登录操作，等待('xpath', "//input[@name='username']")元素可见成功]
2021-11-29 05:56:52-->[base_page.py-->INFO-->行号:177-->日志信息:在登录页面,进行登录操作的时候,对元素('xpath', "//input[@name='username']")输入admin,【成功】]
2021-11-29 05:56:52-->[base_page.py-->INFO-->行号:177-->日志信息:在登录页面,进行登录操作的时候,对元素('xpath', "//input[@name='username']")输入admin,【成功】]
2021-11-29 05:56:52-->[base_page.py-->INFO-->行号:70-->日志信息:在登录页面，进行登录操作，等待('xpath', "//input[@name='password']")元素可见成功]
2021-11-29 05:56:52-->[base_page.py-->INFO-->行号:70-->日志信息:在登录页面，进行登录操作，等待('xpath', "//input[@name='password']")元素可见成功]
2021-11-29 05:56:52-->[base_page.py-->INFO-->行号:177-->日志信息:在登录页面,进行登录操作的时候,对元素('xpath', "//input[@name='password']")输入admin,【成功】]
2021-11-29 05:56:52-->[base_page.py-->INFO-->行号:177-->日志信息:在登录页面,进行登录操作的时候,对元素('xpath', "//input[@name='password']")输入admin,【成功】]
2021-11-29 05:56:52-->[base_page.py-->INFO-->行号:70-->日志信息:在登录页面，进行登录操作，等待('xpath', "//span[text()='登录']")元素可见成功]
2021-11-29 05:56:52-->[base_page.py-->INFO-->行号:70-->日志信息:在登录页面，进行登录操作，等待('xpath', "//span[text()='登录']")元素可见成功]
2021-11-29 05:56:52-->[base_page.py-->INFO-->行号:154-->日志信息:在登录页面,进行登录操作的时候,点击元素('xpath', "//span[text()='登录']")成功]
2021-11-29 05:56:52-->[base_page.py-->INFO-->行号:154-->日志信息:在登录页面,进行登录操作的时候,点击元素('xpath', "//span[text()='登录']")成功]
2021-11-29 05:56:53-->[base_page.py-->INFO-->行号:122-->日志信息:在首页,进行点击系统设置操作,等待('xpath', '//span[text()="系统设置"]')元素出现【成功】]
2021-11-29 05:56:53-->[base_page.py-->INFO-->行号:122-->日志信息:在首页,进行点击系统设置操作,等待('xpath', '//span[text()="系统设置"]')元素出现【成功】]
2021-11-29 05:56:53-->[base_page.py-->INFO-->行号:154-->日志信息:在首页,进行点击系统设置操作的时候,点击元素('xpath', '//span[text()="系统设置"]')成功]
2021-11-29 05:56:53-->[base_page.py-->INFO-->行号:154-->日志信息:在首页,进行点击系统设置操作的时候,点击元素('xpath', '//span[text()="系统设置"]')成功]
2021-11-29 05:56:55-->[base_page.py-->INFO-->行号:122-->日志信息:在首页,进行点击部门管理操作,等待('xpath', '//span[text()="部门管理"]')元素出现【成功】]
2021-11-29 05:56:55-->[base_page.py-->INFO-->行号:122-->日志信息:在首页,进行点击部门管理操作,等待('xpath', '//span[text()="部门管理"]')元素出现【成功】]
2021-11-29 05:56:55-->[base_page.py-->INFO-->行号:154-->日志信息:在首页,进行点击部门管理操作的时候,点击元素('xpath', '//span[text()="部门管理"]')成功]
2021-11-29 05:56:55-->[base_page.py-->INFO-->行号:154-->日志信息:在首页,进行点击部门管理操作的时候,点击元素('xpath', '//span[text()="部门管理"]')成功]
2021-11-29 05:56:55-->[test_dept_manage.py-->INFO-->行号:39-->日志信息:在部门管理页面，生成的用户名是d_ttqky]
2021-11-29 05:56:55-->[test_dept_manage.py-->INFO-->行号:39-->日志信息:在部门管理页面，生成的用户名是d_ttqky]
2021-11-29 05:56:56-->[base_page.py-->INFO-->行号:122-->日志信息:在用户管理界面,进行输入部门名称操作,等待('xpath', "//input[@placeholder='搜索公司名称']")元素出现【成功】]
2021-11-29 05:56:56-->[base_page.py-->INFO-->行号:122-->日志信息:在用户管理界面,进行输入部门名称操作,等待('xpath', "//input[@placeholder='搜索公司名称']")元素出现【成功】]
2021-11-29 05:56:56-->[base_page.py-->INFO-->行号:177-->日志信息:在用户管理界面,进行输入部门名称操作的时候,对元素('xpath', "//input[@placeholder='搜索公司名称']")输入d_ttqky,【成功】]
2021-11-29 05:56:56-->[base_page.py-->INFO-->行号:177-->日志信息:在用户管理界面,进行输入部门名称操作的时候,对元素('xpath', "//input[@placeholder='搜索公司名称']")输入d_ttqky,【成功】]
2021-11-29 05:56:56-->[test_dept_manage.py-->INFO-->行号:45-->日志信息:部门管理页面开始断言]
2021-11-29 05:56:56-->[test_dept_manage.py-->INFO-->行号:45-->日志信息:部门管理页面开始断言]
2021-11-29 05:57:46-->[base_page.py-->INFO-->行号:122-->日志信息:在首页,进行点击系统设置操作,等待('xpath', '//span[text()="系统设置"]')元素出现【成功】]
2021-11-29 05:57:46-->[base_page.py-->INFO-->行号:122-->日志信息:在首页,进行点击系统设置操作,等待('xpath', '//span[text()="系统设置"]')元素出现【成功】]
2021-11-29 05:57:46-->[base_page.py-->INFO-->行号:154-->日志信息:在首页,进行点击系统设置操作的时候,点击元素('xpath', '//span[text()="系统设置"]')成功]
2021-11-29 05:57:46-->[base_page.py-->INFO-->行号:154-->日志信息:在首页,进行点击系统设置操作的时候,点击元素('xpath', '//span[text()="系统设置"]')成功]
2021-11-29 05:57:48-->[base_page.py-->INFO-->行号:122-->日志信息:在用户管理界面,进行输入部门名称操作,等待('xpath', "//input[@placeholder='搜索公司名称']")元素出现【成功】]
2021-11-29 05:57:48-->[base_page.py-->INFO-->行号:122-->日志信息:在用户管理界面,进行输入部门名称操作,等待('xpath', "//input[@placeholder='搜索公司名称']")元素出现【成功】]
2021-11-29 05:57:48-->[base_page.py-->INFO-->行号:177-->日志信息:在用户管理界面,进行输入部门名称操作的时候,对元素('xpath', "//input[@placeholder='搜索公司名称']")输入5,【成功】]
2021-11-29 05:57:48-->[base_page.py-->INFO-->行号:177-->日志信息:在用户管理界面,进行输入部门名称操作的时候,对元素('xpath', "//input[@placeholder='搜索公司名称']")输入5,【成功】]
2021-11-29 05:57:48-->[test_dept_manage.py-->INFO-->行号:45-->日志信息:部门管理页面开始断言]
2021-11-29 05:57:48-->[test_dept_manage.py-->INFO-->行号:45-->日志信息:部门管理页面开始断言]
2021-11-29 05:58:27-->[base_case_test.py-->INFO-->行号:29-->日志信息:=====>部门管理:执行测试结束<=====]
2021-11-29 05:58:27-->[base_case_test.py-->INFO-->行号:29-->日志信息:=====>部门管理:执行测试结束<=====]
2021-11-29 05:59:20-->[loging_handler.py-->INFO-->行号:66-->日志信息:sss]
2021-11-29 05:59:20-->[loging_handler.py-->INFO-->行号:66-->日志信息:sss]
2021-11-29 05:59:20-->[base_case_test.py-->INFO-->行号:25-->日志信息:=====>部门管理:开始执行测试<====]
2021-11-29 05:59:20-->[base_case_test.py-->INFO-->行号:25-->日志信息:=====>部门管理:开始执行测试<====]
2021-11-29 05:59:28-->[base_page.py-->INFO-->行号:70-->日志信息:在登录页面，进行登录操作，等待('xpath', "//input[@name='username']")元素可见成功]
2021-11-29 05:59:28-->[base_page.py-->INFO-->行号:70-->日志信息:在登录页面，进行登录操作，等待('xpath', "//input[@name='username']")元素可见成功]
2021-11-29 05:59:29-->[base_page.py-->INFO-->行号:177-->日志信息:在登录页面,进行登录操作的时候,对元素('xpath', "//input[@name='username']")输入admin,【成功】]
2021-11-29 05:59:29-->[base_page.py-->INFO-->行号:177-->日志信息:在登录页面,进行登录操作的时候,对元素('xpath', "//input[@name='username']")输入admin,【成功】]
2021-11-29 05:59:29-->[base_page.py-->INFO-->行号:70-->日志信息:在登录页面，进行登录操作，等待('xpath', "//input[@name='password']")元素可见成功]
2021-11-29 05:59:29-->[base_page.py-->INFO-->行号:70-->日志信息:在登录页面，进行登录操作，等待('xpath', "//input[@name='password']")元素可见成功]
2021-11-29 05:59:29-->[base_page.py-->INFO-->行号:177-->日志信息:在登录页面,进行登录操作的时候,对元素('xpath', "//input[@name='password']")输入admin,【成功】]
2021-11-29 05:59:29-->[base_page.py-->INFO-->行号:177-->日志信息:在登录页面,进行登录操作的时候,对元素('xpath', "//input[@name='password']")输入admin,【成功】]
2021-11-29 05:59:29-->[base_page.py-->INFO-->行号:70-->日志信息:在登录页面，进行登录操作，等待('xpath', "//span[text()='登录']")元素可见成功]
2021-11-29 05:59:29-->[base_page.py-->INFO-->行号:70-->日志信息:在登录页面，进行登录操作，等待('xpath', "//span[text()='登录']")元素可见成功]
2021-11-29 05:59:29-->[base_page.py-->INFO-->行号:154-->日志信息:在登录页面,进行登录操作的时候,点击元素('xpath', "//span[text()='登录']")成功]
2021-11-29 05:59:29-->[base_page.py-->INFO-->行号:154-->日志信息:在登录页面,进行登录操作的时候,点击元素('xpath', "//span[text()='登录']")成功]
2021-11-29 05:59:30-->[base_page.py-->INFO-->行号:122-->日志信息:在首页,进行点击系统设置操作,等待('xpath', '//span[text()="系统设置"]')元素出现【成功】]
2021-11-29 05:59:30-->[base_page.py-->INFO-->行号:122-->日志信息:在首页,进行点击系统设置操作,等待('xpath', '//span[text()="系统设置"]')元素出现【成功】]
2021-11-29 05:59:30-->[base_page.py-->INFO-->行号:154-->日志信息:在首页,进行点击系统设置操作的时候,点击元素('xpath', '//span[text()="系统设置"]')成功]
2021-11-29 05:59:30-->[base_page.py-->INFO-->行号:154-->日志信息:在首页,进行点击系统设置操作的时候,点击元素('xpath', '//span[text()="系统设置"]')成功]
2021-11-29 05:59:32-->[base_page.py-->INFO-->行号:122-->日志信息:在首页,进行点击部门管理操作,等待('xpath', '//span[text()="部门管理"]')元素出现【成功】]
2021-11-29 05:59:32-->[base_page.py-->INFO-->行号:122-->日志信息:在首页,进行点击部门管理操作,等待('xpath', '//span[text()="部门管理"]')元素出现【成功】]
2021-11-29 05:59:32-->[base_page.py-->INFO-->行号:154-->日志信息:在首页,进行点击部门管理操作的时候,点击元素('xpath', '//span[text()="部门管理"]')成功]
2021-11-29 05:59:32-->[base_page.py-->INFO-->行号:154-->日志信息:在首页,进行点击部门管理操作的时候,点击元素('xpath', '//span[text()="部门管理"]')成功]
2021-11-29 05:59:32-->[test_dept_manage.py-->INFO-->行号:39-->日志信息:在部门管理页面，生成的用户名是d_oispn]
2021-11-29 05:59:32-->[test_dept_manage.py-->INFO-->行号:39-->日志信息:在部门管理页面，生成的用户名是d_oispn]
2021-11-29 05:59:33-->[base_page.py-->INFO-->行号:122-->日志信息:在用户管理界面,进行输入部门名称操作,等待('xpath', "//input[@placeholder='搜索公司名称']")元素出现【成功】]
2021-11-29 05:59:33-->[base_page.py-->INFO-->行号:122-->日志信息:在用户管理界面,进行输入部门名称操作,等待('xpath', "//input[@placeholder='搜索公司名称']")元素出现【成功】]
2021-11-29 05:59:33-->[base_page.py-->INFO-->行号:177-->日志信息:在用户管理界面,进行输入部门名称操作的时候,对元素('xpath', "//input[@placeholder='搜索公司名称']")输入d_oispn,【成功】]
2021-11-29 05:59:33-->[base_page.py-->INFO-->行号:177-->日志信息:在用户管理界面,进行输入部门名称操作的时候,对元素('xpath', "//input[@placeholder='搜索公司名称']")输入d_oispn,【成功】]
2021-11-29 05:59:33-->[test_dept_manage.py-->INFO-->行号:45-->日志信息:部门管理页面开始断言]
2021-11-29 05:59:33-->[test_dept_manage.py-->INFO-->行号:45-->日志信息:部门管理页面开始断言]
2021-11-29 05:59:39-->[test_dept_manage.py-->INFO-->行号:81-->日志信息:部门管理页面获取的部门名称是:[]]
2021-11-29 05:59:39-->[test_dept_manage.py-->INFO-->行号:81-->日志信息:部门管理页面获取的部门名称是:[]]
2021-11-29 05:59:49-->[base_case_test.py-->INFO-->行号:29-->日志信息:=====>部门管理:执行测试结束<=====]
2021-11-29 05:59:49-->[base_case_test.py-->INFO-->行号:29-->日志信息:=====>部门管理:执行测试结束<=====]
2021-11-29 06:01:05-->[loging_handler.py-->INFO-->行号:66-->日志信息:sss]
2021-11-29 06:01:05-->[loging_handler.py-->INFO-->行号:66-->日志信息:sss]
2021-11-29 06:01:05-->[base_case_test.py-->INFO-->行号:25-->日志信息:=====>部门管理:开始执行测试<====]
2021-11-29 06:01:05-->[base_case_test.py-->INFO-->行号:25-->日志信息:=====>部门管理:开始执行测试<====]
2021-11-29 06:01:14-->[base_page.py-->INFO-->行号:70-->日志信息:在登录页面，进行登录操作，等待('xpath', "//input[@name='username']")元素可见成功]
2021-11-29 06:01:14-->[base_page.py-->INFO-->行号:70-->日志信息:在登录页面，进行登录操作，等待('xpath', "//input[@name='username']")元素可见成功]
2021-11-29 06:01:14-->[base_page.py-->INFO-->行号:177-->日志信息:在登录页面,进行登录操作的时候,对元素('xpath', "//input[@name='username']")输入admin,【成功】]
2021-11-29 06:01:14-->[base_page.py-->INFO-->行号:177-->日志信息:在登录页面,进行登录操作的时候,对元素('xpath', "//input[@name='username']")输入admin,【成功】]
2021-11-29 06:01:14-->[base_page.py-->INFO-->行号:70-->日志信息:在登录页面，进行登录操作，等待('xpath', "//input[@name='password']")元素可见成功]
2021-11-29 06:01:14-->[base_page.py-->INFO-->行号:70-->日志信息:在登录页面，进行登录操作，等待('xpath', "//input[@name='password']")元素可见成功]
2021-11-29 06:01:14-->[base_page.py-->INFO-->行号:177-->日志信息:在登录页面,进行登录操作的时候,对元素('xpath', "//input[@name='password']")输入admin,【成功】]
2021-11-29 06:01:14-->[base_page.py-->INFO-->行号:177-->日志信息:在登录页面,进行登录操作的时候,对元素('xpath', "//input[@name='password']")输入admin,【成功】]
2021-11-29 06:01:14-->[base_page.py-->INFO-->行号:70-->日志信息:在登录页面，进行登录操作，等待('xpath', "//span[text()='登录']")元素可见成功]
2021-11-29 06:01:14-->[base_page.py-->INFO-->行号:70-->日志信息:在登录页面，进行登录操作，等待('xpath', "//span[text()='登录']")元素可见成功]
2021-11-29 06:01:14-->[base_page.py-->INFO-->行号:154-->日志信息:在登录页面,进行登录操作的时候,点击元素('xpath', "//span[text()='登录']")成功]
2021-11-29 06:01:14-->[base_page.py-->INFO-->行号:154-->日志信息:在登录页面,进行登录操作的时候,点击元素('xpath', "//span[text()='登录']")成功]
2021-11-29 06:01:15-->[base_page.py-->INFO-->行号:122-->日志信息:在首页,进行点击系统设置操作,等待('xpath', '//span[text()="系统设置"]')元素出现【成功】]
2021-11-29 06:01:15-->[base_page.py-->INFO-->行号:122-->日志信息:在首页,进行点击系统设置操作,等待('xpath', '//span[text()="系统设置"]')元素出现【成功】]
2021-11-29 06:01:15-->[base_page.py-->INFO-->行号:154-->日志信息:在首页,进行点击系统设置操作的时候,点击元素('xpath', '//span[text()="系统设置"]')成功]
2021-11-29 06:01:15-->[base_page.py-->INFO-->行号:154-->日志信息:在首页,进行点击系统设置操作的时候,点击元素('xpath', '//span[text()="系统设置"]')成功]
2021-11-29 06:01:17-->[base_page.py-->INFO-->行号:122-->日志信息:在首页,进行点击部门管理操作,等待('xpath', '//span[text()="部门管理"]')元素出现【成功】]
2021-11-29 06:01:17-->[base_page.py-->INFO-->行号:122-->日志信息:在首页,进行点击部门管理操作,等待('xpath', '//span[text()="部门管理"]')元素出现【成功】]
2021-11-29 06:01:17-->[base_page.py-->INFO-->行号:154-->日志信息:在首页,进行点击部门管理操作的时候,点击元素('xpath', '//span[text()="部门管理"]')成功]
2021-11-29 06:01:17-->[base_page.py-->INFO-->行号:154-->日志信息:在首页,进行点击部门管理操作的时候,点击元素('xpath', '//span[text()="部门管理"]')成功]
2021-11-29 06:01:17-->[test_dept_manage.py-->INFO-->行号:39-->日志信息:在部门管理页面，生成的用户名是d_gtywe]
2021-11-29 06:01:17-->[test_dept_manage.py-->INFO-->行号:39-->日志信息:在部门管理页面，生成的用户名是d_gtywe]
2021-11-29 06:01:17-->[base_page.py-->INFO-->行号:122-->日志信息:在用户管理界面,进行输入部门名称操作,等待('xpath', "//input[@placeholder='搜索公司名称']")元素出现【成功】]
2021-11-29 06:01:17-->[base_page.py-->INFO-->行号:122-->日志信息:在用户管理界面,进行输入部门名称操作,等待('xpath', "//input[@placeholder='搜索公司名称']")元素出现【成功】]
2021-11-29 06:01:18-->[base_page.py-->INFO-->行号:177-->日志信息:在用户管理界面,进行输入部门名称操作的时候,对元素('xpath', "//input[@placeholder='搜索公司名称']")输入d_gtywe,【成功】]
2021-11-29 06:01:18-->[base_page.py-->INFO-->行号:177-->日志信息:在用户管理界面,进行输入部门名称操作的时候,对元素('xpath', "//input[@placeholder='搜索公司名称']")输入d_gtywe,【成功】]
2021-11-29 06:01:18-->[test_dept_manage.py-->INFO-->行号:45-->日志信息:部门管理页面开始断言]
2021-11-29 06:01:18-->[test_dept_manage.py-->INFO-->行号:45-->日志信息:部门管理页面开始断言]
2021-11-29 06:01:18-->[base_page.py-->INFO-->行号:122-->日志信息:在用户管理界面,进行查询不存在的部门元素定位操作,等待('xpath', "//span[@class='el-table__empty-text']")元素出现【成功】]
2021-11-29 06:01:18-->[base_page.py-->INFO-->行号:122-->日志信息:在用户管理界面,进行查询不存在的部门元素定位操作,等待('xpath', "//span[@class='el-table__empty-text']")元素出现【成功】]
2021-11-29 06:01:18-->[base_page.py-->INFO-->行号:195-->日志信息:在用户管理界面,进行>>查询不存在的部门元素定位<<操作获取元素('xpath', "//span[@class='el-table__empty-text']")文本内容【成功】,文本内容是:暂无数据]
2021-11-29 06:01:18-->[base_page.py-->INFO-->行号:195-->日志信息:在用户管理界面,进行>>查询不存在的部门元素定位<<操作获取元素('xpath', "//span[@class='el-table__empty-text']")文本内容【成功】,文本内容是:暂无数据]
2021-11-29 06:01:20-->[test_dept_manage.py-->INFO-->行号:81-->日志信息:部门管理页面获取的部门名称是:[]]
2021-11-29 06:01:20-->[test_dept_manage.py-->INFO-->行号:81-->日志信息:部门管理页面获取的部门名称是:[]]
2021-11-29 06:01:20-->[base_page.py-->INFO-->行号:122-->日志信息:在首页,进行点击系统设置操作,等待('xpath', '//span[text()="系统设置"]')元素出现【成功】]
2021-11-29 06:01:20-->[base_page.py-->INFO-->行号:122-->日志信息:在首页,进行点击系统设置操作,等待('xpath', '//span[text()="系统设置"]')元素出现【成功】]
2021-11-29 06:01:20-->[base_page.py-->INFO-->行号:154-->日志信息:在首页,进行点击系统设置操作的时候,点击元素('xpath', '//span[text()="系统设置"]')成功]
2021-11-29 06:01:20-->[base_page.py-->INFO-->行号:154-->日志信息:在首页,进行点击系统设置操作的时候,点击元素('xpath', '//span[text()="系统设置"]')成功]
2021-11-29 06:01:22-->[base_page.py-->INFO-->行号:122-->日志信息:在用户管理界面,进行输入部门名称操作,等待('xpath', "//input[@placeholder='搜索公司名称']")元素出现【成功】]
2021-11-29 06:01:22-->[base_page.py-->INFO-->行号:122-->日志信息:在用户管理界面,进行输入部门名称操作,等待('xpath', "//input[@placeholder='搜索公司名称']")元素出现【成功】]
2021-11-29 06:01:22-->[base_page.py-->INFO-->行号:177-->日志信息:在用户管理界面,进行输入部门名称操作的时候,对元素('xpath', "//input[@placeholder='搜索公司名称']")输入5,【成功】]
2021-11-29 06:01:22-->[base_page.py-->INFO-->行号:177-->日志信息:在用户管理界面,进行输入部门名称操作的时候,对元素('xpath', "//input[@placeholder='搜索公司名称']")输入5,【成功】]
2021-11-29 06:01:22-->[test_dept_manage.py-->INFO-->行号:45-->日志信息:部门管理页面开始断言]
2021-11-29 06:01:22-->[test_dept_manage.py-->INFO-->行号:45-->日志信息:部门管理页面开始断言]
2021-11-29 06:01:22-->[base_page.py-->INFO-->行号:122-->日志信息:在用户管理界面,进行查询不存在的部门元素定位操作,等待('xpath', "//span[@class='el-table__empty-text']")元素出现【成功】]
2021-11-29 06:01:22-->[base_page.py-->INFO-->行号:122-->日志信息:在用户管理界面,进行查询不存在的部门元素定位操作,等待('xpath', "//span[@class='el-table__empty-text']")元素出现【成功】]
2021-11-29 06:01:22-->[base_page.py-->INFO-->行号:195-->日志信息:在用户管理界面,进行>>查询不存在的部门元素定位<<操作获取元素('xpath', "//span[@class='el-table__empty-text']")文本内容【成功】,文本内容是:暂无数据]
2021-11-29 06:01:22-->[base_page.py-->INFO-->行号:195-->日志信息:在用户管理界面,进行>>查询不存在的部门元素定位<<操作获取元素('xpath', "//span[@class='el-table__empty-text']")文本内容【成功】,文本内容是:暂无数据]
2021-11-29 06:01:24-->[test_dept_manage.py-->INFO-->行号:81-->日志信息:部门管理页面获取的部门名称是:[]]
2021-11-29 06:01:24-->[test_dept_manage.py-->INFO-->行号:81-->日志信息:部门管理页面获取的部门名称是:[]]
2021-11-29 06:01:24-->[base_case_test.py-->INFO-->行号:29-->日志信息:=====>部门管理:执行测试结束<=====]
2021-11-29 06:01:24-->[base_case_test.py-->INFO-->行号:29-->日志信息:=====>部门管理:执行测试结束<=====]
2021-11-29 06:02:08-->[loging_handler.py-->INFO-->行号:66-->日志信息:sss]
2021-11-29 06:02:08-->[loging_handler.py-->INFO-->行号:66-->日志信息:sss]
2021-11-29 06:02:08-->[base_case_test.py-->INFO-->行号:25-->日志信息:=====>部门管理:开始执行测试<====]
2021-11-29 06:02:08-->[base_case_test.py-->INFO-->行号:25-->日志信息:=====>部门管理:开始执行测试<====]
2021-11-29 06:02:16-->[base_page.py-->INFO-->行号:70-->日志信息:在登录页面，进行登录操作，等待('xpath', "//input[@name='username']")元素可见成功]
2021-11-29 06:02:16-->[base_page.py-->INFO-->行号:70-->日志信息:在登录页面，进行登录操作，等待('xpath', "//input[@name='username']")元素可见成功]
2021-11-29 06:02:16-->[base_page.py-->INFO-->行号:177-->日志信息:在登录页面,进行登录操作的时候,对元素('xpath', "//input[@name='username']")输入admin,【成功】]
2021-11-29 06:02:16-->[base_page.py-->INFO-->行号:177-->日志信息:在登录页面,进行登录操作的时候,对元素('xpath', "//input[@name='username']")输入admin,【成功】]
2021-11-29 06:02:16-->[base_page.py-->INFO-->行号:70-->日志信息:在登录页面，进行登录操作，等待('xpath', "//input[@name='password']")元素可见成功]
2021-11-29 06:02:16-->[base_page.py-->INFO-->行号:70-->日志信息:在登录页面，进行登录操作，等待('xpath', "//input[@name='password']")元素可见成功]
2021-11-29 06:02:16-->[base_page.py-->INFO-->行号:177-->日志信息:在登录页面,进行登录操作的时候,对元素('xpath', "//input[@name='password']")输入admin,【成功】]
2021-11-29 06:02:16-->[base_page.py-->INFO-->行号:177-->日志信息:在登录页面,进行登录操作的时候,对元素('xpath', "//input[@name='password']")输入admin,【成功】]
2021-11-29 06:02:16-->[base_page.py-->INFO-->行号:70-->日志信息:在登录页面，进行登录操作，等待('xpath', "//span[text()='登录']")元素可见成功]
2021-11-29 06:02:16-->[base_page.py-->INFO-->行号:70-->日志信息:在登录页面，进行登录操作，等待('xpath', "//span[text()='登录']")元素可见成功]
2021-11-29 06:02:16-->[base_page.py-->INFO-->行号:154-->日志信息:在登录页面,进行登录操作的时候,点击元素('xpath', "//span[text()='登录']")成功]
2021-11-29 06:02:16-->[base_page.py-->INFO-->行号:154-->日志信息:在登录页面,进行登录操作的时候,点击元素('xpath', "//span[text()='登录']")成功]
2021-11-29 06:02:18-->[base_page.py-->INFO-->行号:122-->日志信息:在首页,进行点击系统设置操作,等待('xpath', '//span[text()="系统设置"]')元素出现【成功】]
2021-11-29 06:02:18-->[base_page.py-->INFO-->行号:122-->日志信息:在首页,进行点击系统设置操作,等待('xpath', '//span[text()="系统设置"]')元素出现【成功】]
2021-11-29 06:02:18-->[base_page.py-->INFO-->行号:154-->日志信息:在首页,进行点击系统设置操作的时候,点击元素('xpath', '//span[text()="系统设置"]')成功]
2021-11-29 06:02:18-->[base_page.py-->INFO-->行号:154-->日志信息:在首页,进行点击系统设置操作的时候,点击元素('xpath', '//span[text()="系统设置"]')成功]
2021-11-29 06:02:20-->[base_page.py-->INFO-->行号:122-->日志信息:在首页,进行点击部门管理操作,等待('xpath', '//span[text()="部门管理"]')元素出现【成功】]
2021-11-29 06:02:20-->[base_page.py-->INFO-->行号:122-->日志信息:在首页,进行点击部门管理操作,等待('xpath', '//span[text()="部门管理"]')元素出现【成功】]
2021-11-29 06:02:20-->[base_page.py-->INFO-->行号:154-->日志信息:在首页,进行点击部门管理操作的时候,点击元素('xpath', '//span[text()="部门管理"]')成功]
2021-11-29 06:02:20-->[base_page.py-->INFO-->行号:154-->日志信息:在首页,进行点击部门管理操作的时候,点击元素('xpath', '//span[text()="部门管理"]')成功]
2021-11-29 06:02:20-->[test_dept_manage.py-->INFO-->行号:39-->日志信息:在部门管理页面，生成的用户名是d_qisbj]
2021-11-29 06:02:20-->[test_dept_manage.py-->INFO-->行号:39-->日志信息:在部门管理页面，生成的用户名是d_qisbj]
2021-11-29 06:02:21-->[base_page.py-->INFO-->行号:122-->日志信息:在用户管理界面,进行输入部门名称操作,等待('xpath', "//input[@placeholder='搜索公司名称']")元素出现【成功】]
2021-11-29 06:02:21-->[base_page.py-->INFO-->行号:122-->日志信息:在用户管理界面,进行输入部门名称操作,等待('xpath', "//input[@placeholder='搜索公司名称']")元素出现【成功】]
2021-11-29 06:02:21-->[base_page.py-->INFO-->行号:177-->日志信息:在用户管理界面,进行输入部门名称操作的时候,对元素('xpath', "//input[@placeholder='搜索公司名称']")输入d_qisbj,【成功】]
2021-11-29 06:02:21-->[base_page.py-->INFO-->行号:177-->日志信息:在用户管理界面,进行输入部门名称操作的时候,对元素('xpath', "//input[@placeholder='搜索公司名称']")输入d_qisbj,【成功】]
2021-11-29 06:02:21-->[test_dept_manage.py-->INFO-->行号:45-->日志信息:部门管理页面开始断言]
2021-11-29 06:02:21-->[test_dept_manage.py-->INFO-->行号:45-->日志信息:部门管理页面开始断言]
2021-11-29 06:02:21-->[base_page.py-->INFO-->行号:122-->日志信息:在用户管理界面,进行查询不存在的部门元素定位操作,等待('xpath', "//span[@class='el-table__empty-text']")元素出现【成功】]
2021-11-29 06:02:21-->[base_page.py-->INFO-->行号:122-->日志信息:在用户管理界面,进行查询不存在的部门元素定位操作,等待('xpath', "//span[@class='el-table__empty-text']")元素出现【成功】]
2021-11-29 06:02:21-->[base_page.py-->INFO-->行号:195-->日志信息:在用户管理界面,进行>>查询不存在的部门元素定位<<操作获取元素('xpath', "//span[@class='el-table__empty-text']")文本内容【成功】,文本内容是:暂无数据]
2021-11-29 06:02:21-->[base_page.py-->INFO-->行号:195-->日志信息:在用户管理界面,进行>>查询不存在的部门元素定位<<操作获取元素('xpath', "//span[@class='el-table__empty-text']")文本内容【成功】,文本内容是:暂无数据]
2021-11-29 06:02:23-->[test_dept_manage.py-->INFO-->行号:81-->日志信息:部门管理页面获取的部门名称是:[]]
2021-11-29 06:02:23-->[test_dept_manage.py-->INFO-->行号:81-->日志信息:部门管理页面获取的部门名称是:[]]
2021-11-29 06:02:23-->[base_page.py-->INFO-->行号:122-->日志信息:在首页,进行点击系统设置操作,等待('xpath', '//span[text()="系统设置"]')元素出现【成功】]
2021-11-29 06:02:23-->[base_page.py-->INFO-->行号:122-->日志信息:在首页,进行点击系统设置操作,等待('xpath', '//span[text()="系统设置"]')元素出现【成功】]
2021-11-29 06:02:23-->[base_page.py-->INFO-->行号:154-->日志信息:在首页,进行点击系统设置操作的时候,点击元素('xpath', '//span[text()="系统设置"]')成功]
2021-11-29 06:02:23-->[base_page.py-->INFO-->行号:154-->日志信息:在首页,进行点击系统设置操作的时候,点击元素('xpath', '//span[text()="系统设置"]')成功]
2021-11-29 06:02:25-->[base_page.py-->INFO-->行号:122-->日志信息:在用户管理界面,进行输入部门名称操作,等待('xpath', "//input[@placeholder='搜索公司名称']")元素出现【成功】]
2021-11-29 06:02:25-->[base_page.py-->INFO-->行号:122-->日志信息:在用户管理界面,进行输入部门名称操作,等待('xpath', "//input[@placeholder='搜索公司名称']")元素出现【成功】]
2021-11-29 06:02:25-->[base_page.py-->INFO-->行号:177-->日志信息:在用户管理界面,进行输入部门名称操作的时候,对元素('xpath', "//input[@placeholder='搜索公司名称']")输入5,【成功】]
2021-11-29 06:02:25-->[base_page.py-->INFO-->行号:177-->日志信息:在用户管理界面,进行输入部门名称操作的时候,对元素('xpath', "//input[@placeholder='搜索公司名称']")输入5,【成功】]
2021-11-29 06:02:25-->[test_dept_manage.py-->INFO-->行号:45-->日志信息:部门管理页面开始断言]
2021-11-29 06:02:25-->[test_dept_manage.py-->INFO-->行号:45-->日志信息:部门管理页面开始断言]
2021-11-29 06:02:25-->[base_page.py-->INFO-->行号:122-->日志信息:在用户管理界面,进行查询不存在的部门元素定位操作,等待('xpath', "//span[@class='el-table__empty-text']")元素出现【成功】]
2021-11-29 06:02:25-->[base_page.py-->INFO-->行号:122-->日志信息:在用户管理界面,进行查询不存在的部门元素定位操作,等待('xpath', "//span[@class='el-table__empty-text']")元素出现【成功】]
2021-11-29 06:02:25-->[base_page.py-->INFO-->行号:195-->日志信息:在用户管理界面,进行>>查询不存在的部门元素定位<<操作获取元素('xpath', "//span[@class='el-table__empty-text']")文本内容【成功】,文本内容是:暂无数据]
2021-11-29 06:02:25-->[base_page.py-->INFO-->行号:195-->日志信息:在用户管理界面,进行>>查询不存在的部门元素定位<<操作获取元素('xpath', "//span[@class='el-table__empty-text']")文本内容【成功】,文本内容是:暂无数据]
2021-11-29 06:02:27-->[test_dept_manage.py-->INFO-->行号:81-->日志信息:部门管理页面获取的部门名称是:[]]
2021-11-29 06:02:27-->[test_dept_manage.py-->INFO-->行号:81-->日志信息:部门管理页面获取的部门名称是:[]]
2021-11-29 06:02:27-->[base_case_test.py-->INFO-->行号:29-->日志信息:=====>部门管理:执行测试结束<=====]
2021-11-29 06:02:27-->[base_case_test.py-->INFO-->行号:29-->日志信息:=====>部门管理:执行测试结束<=====]
2021-11-29 06:04:22-->[loging_handler.py-->INFO-->行号:66-->日志信息:sss]
2021-11-29 06:04:22-->[loging_handler.py-->INFO-->行号:66-->日志信息:sss]
2021-11-29 06:04:22-->[base_case_test.py-->INFO-->行号:25-->日志信息:=====>部门管理:开始执行测试<====]
2021-11-29 06:04:22-->[base_case_test.py-->INFO-->行号:25-->日志信息:=====>部门管理:开始执行测试<====]
2021-11-29 06:04:30-->[base_page.py-->INFO-->行号:70-->日志信息:在登录页面，进行登录操作，等待('xpath', "//input[@name='username']")元素可见成功]
2021-11-29 06:04:30-->[base_page.py-->INFO-->行号:70-->日志信息:在登录页面，进行登录操作，等待('xpath', "//input[@name='username']")元素可见成功]
2021-11-29 06:04:30-->[base_page.py-->INFO-->行号:177-->日志信息:在登录页面,进行登录操作的时候,对元素('xpath', "//input[@name='username']")输入admin,【成功】]
2021-11-29 06:04:30-->[base_page.py-->INFO-->行号:177-->日志信息:在登录页面,进行登录操作的时候,对元素('xpath', "//input[@name='username']")输入admin,【成功】]
2021-11-29 06:04:30-->[base_page.py-->INFO-->行号:70-->日志信息:在登录页面，进行登录操作，等待('xpath', "//input[@name='password']")元素可见成功]
2021-11-29 06:04:30-->[base_page.py-->INFO-->行号:70-->日志信息:在登录页面，进行登录操作，等待('xpath', "//input[@name='password']")元素可见成功]
2021-11-29 06:04:31-->[base_page.py-->INFO-->行号:177-->日志信息:在登录页面,进行登录操作的时候,对元素('xpath', "//input[@name='password']")输入admin,【成功】]
2021-11-29 06:04:31-->[base_page.py-->INFO-->行号:177-->日志信息:在登录页面,进行登录操作的时候,对元素('xpath', "//input[@name='password']")输入admin,【成功】]
2021-11-29 06:04:31-->[base_page.py-->INFO-->行号:70-->日志信息:在登录页面，进行登录操作，等待('xpath', "//span[text()='登录']")元素可见成功]
2021-11-29 06:04:31-->[base_page.py-->INFO-->行号:70-->日志信息:在登录页面，进行登录操作，等待('xpath', "//span[text()='登录']")元素可见成功]
2021-11-29 06:04:31-->[base_page.py-->INFO-->行号:154-->日志信息:在登录页面,进行登录操作的时候,点击元素('xpath', "//span[text()='登录']")成功]
2021-11-29 06:04:31-->[base_page.py-->INFO-->行号:154-->日志信息:在登录页面,进行登录操作的时候,点击元素('xpath', "//span[text()='登录']")成功]
2021-11-29 06:04:31-->[base_page.py-->INFO-->行号:122-->日志信息:在首页,进行点击系统设置操作,等待('xpath', '//span[text()="系统设置"]')元素出现【成功】]
2021-11-29 06:04:31-->[base_page.py-->INFO-->行号:122-->日志信息:在首页,进行点击系统设置操作,等待('xpath', '//span[text()="系统设置"]')元素出现【成功】]
2021-11-29 06:04:31-->[base_page.py-->INFO-->行号:154-->日志信息:在首页,进行点击系统设置操作的时候,点击元素('xpath', '//span[text()="系统设置"]')成功]
2021-11-29 06:04:31-->[base_page.py-->INFO-->行号:154-->日志信息:在首页,进行点击系统设置操作的时候,点击元素('xpath', '//span[text()="系统设置"]')成功]
2021-11-29 06:04:33-->[base_page.py-->INFO-->行号:122-->日志信息:在首页,进行点击部门管理操作,等待('xpath', '//span[text()="部门管理"]')元素出现【成功】]
2021-11-29 06:04:33-->[base_page.py-->INFO-->行号:122-->日志信息:在首页,进行点击部门管理操作,等待('xpath', '//span[text()="部门管理"]')元素出现【成功】]
2021-11-29 06:04:33-->[base_page.py-->INFO-->行号:154-->日志信息:在首页,进行点击部门管理操作的时候,点击元素('xpath', '//span[text()="部门管理"]')成功]
2021-11-29 06:04:33-->[base_page.py-->INFO-->行号:154-->日志信息:在首页,进行点击部门管理操作的时候,点击元素('xpath', '//span[text()="部门管理"]')成功]
2021-11-29 06:04:33-->[test_dept_manage.py-->INFO-->行号:39-->日志信息:在部门管理页面，生成的用户名是d_mazzk]
2021-11-29 06:04:33-->[test_dept_manage.py-->INFO-->行号:39-->日志信息:在部门管理页面，生成的用户名是d_mazzk]
2021-11-29 06:04:34-->[base_page.py-->INFO-->行号:122-->日志信息:在用户管理界面,进行输入部门名称操作,等待('xpath', "//input[@placeholder='搜索公司名称']")元素出现【成功】]
2021-11-29 06:04:34-->[base_page.py-->INFO-->行号:122-->日志信息:在用户管理界面,进行输入部门名称操作,等待('xpath', "//input[@placeholder='搜索公司名称']")元素出现【成功】]
2021-11-29 06:04:34-->[base_page.py-->INFO-->行号:177-->日志信息:在用户管理界面,进行输入部门名称操作的时候,对元素('xpath', "//input[@placeholder='搜索公司名称']")输入d_mazzk,【成功】]
2021-11-29 06:04:34-->[base_page.py-->INFO-->行号:177-->日志信息:在用户管理界面,进行输入部门名称操作的时候,对元素('xpath', "//input[@placeholder='搜索公司名称']")输入d_mazzk,【成功】]
2021-11-29 06:04:34-->[test_dept_manage.py-->INFO-->行号:45-->日志信息:部门管理页面开始断言]
2021-11-29 06:04:34-->[test_dept_manage.py-->INFO-->行号:45-->日志信息:部门管理页面开始断言]
2021-11-29 06:04:34-->[base_page.py-->INFO-->行号:122-->日志信息:在用户管理界面,进行查询不存在的部门元素定位操作,等待('xpath', "//span[@class='el-table__empty-text']")元素出现【成功】]
2021-11-29 06:04:34-->[base_page.py-->INFO-->行号:122-->日志信息:在用户管理界面,进行查询不存在的部门元素定位操作,等待('xpath', "//span[@class='el-table__empty-text']")元素出现【成功】]
2021-11-29 06:04:34-->[base_page.py-->INFO-->行号:195-->日志信息:在用户管理界面,进行>>查询不存在的部门元素定位<<操作获取元素('xpath', "//span[@class='el-table__empty-text']")文本内容【成功】,文本内容是:暂无数据]
2021-11-29 06:04:34-->[base_page.py-->INFO-->行号:195-->日志信息:在用户管理界面,进行>>查询不存在的部门元素定位<<操作获取元素('xpath', "//span[@class='el-table__empty-text']")文本内容【成功】,文本内容是:暂无数据]
2021-11-29 06:04:36-->[test_dept_manage.py-->INFO-->行号:82-->日志信息:部门管理页面获取的部门名称是:[]]
2021-11-29 06:04:36-->[test_dept_manage.py-->INFO-->行号:82-->日志信息:部门管理页面获取的部门名称是:[]]
2021-11-29 06:04:36-->[base_page.py-->INFO-->行号:122-->日志信息:在首页,进行点击系统设置操作,等待('xpath', '//span[text()="系统设置"]')元素出现【成功】]
2021-11-29 06:04:36-->[base_page.py-->INFO-->行号:122-->日志信息:在首页,进行点击系统设置操作,等待('xpath', '//span[text()="系统设置"]')元素出现【成功】]
2021-11-29 06:04:36-->[base_page.py-->INFO-->行号:154-->日志信息:在首页,进行点击系统设置操作的时候,点击元素('xpath', '//span[text()="系统设置"]')成功]
2021-11-29 06:04:36-->[base_page.py-->INFO-->行号:154-->日志信息:在首页,进行点击系统设置操作的时候,点击元素('xpath', '//span[text()="系统设置"]')成功]
2021-11-29 06:04:38-->[base_page.py-->INFO-->行号:122-->日志信息:在用户管理界面,进行输入部门名称操作,等待('xpath', "//input[@placeholder='搜索公司名称']")元素出现【成功】]
2021-11-29 06:04:38-->[base_page.py-->INFO-->行号:122-->日志信息:在用户管理界面,进行输入部门名称操作,等待('xpath', "//input[@placeholder='搜索公司名称']")元素出现【成功】]
2021-11-29 06:04:38-->[base_page.py-->INFO-->行号:177-->日志信息:在用户管理界面,进行输入部门名称操作的时候,对元素('xpath', "//input[@placeholder='搜索公司名称']")输入5,【成功】]
2021-11-29 06:04:38-->[base_page.py-->INFO-->行号:177-->日志信息:在用户管理界面,进行输入部门名称操作的时候,对元素('xpath', "//input[@placeholder='搜索公司名称']")输入5,【成功】]
2021-11-29 06:04:38-->[test_dept_manage.py-->INFO-->行号:45-->日志信息:部门管理页面开始断言]
2021-11-29 06:04:38-->[test_dept_manage.py-->INFO-->行号:45-->日志信息:部门管理页面开始断言]
2021-11-29 06:04:38-->[base_page.py-->INFO-->行号:122-->日志信息:在用户管理界面,进行查询不存在的部门元素定位操作,等待('xpath', "//span[@class='el-table__empty-text']")元素出现【成功】]
2021-11-29 06:04:38-->[base_page.py-->INFO-->行号:122-->日志信息:在用户管理界面,进行查询不存在的部门元素定位操作,等待('xpath', "//span[@class='el-table__empty-text']")元素出现【成功】]
2021-11-29 06:04:38-->[base_page.py-->INFO-->行号:195-->日志信息:在用户管理界面,进行>>查询不存在的部门元素定位<<操作获取元素('xpath', "//span[@class='el-table__empty-text']")文本内容【成功】,文本内容是:暂无数据]
2021-11-29 06:04:38-->[base_page.py-->INFO-->行号:195-->日志信息:在用户管理界面,进行>>查询不存在的部门元素定位<<操作获取元素('xpath', "//span[@class='el-table__empty-text']")文本内容【成功】,文本内容是:暂无数据]
2021-11-29 06:04:40-->[test_dept_manage.py-->INFO-->行号:82-->日志信息:部门管理页面获取的部门名称是:[]]
2021-11-29 06:04:40-->[test_dept_manage.py-->INFO-->行号:82-->日志信息:部门管理页面获取的部门名称是:[]]
2021-11-29 06:04:40-->[base_case_test.py-->INFO-->行号:29-->日志信息:=====>部门管理:执行测试结束<=====]
2021-11-29 06:04:40-->[base_case_test.py-->INFO-->行号:29-->日志信息:=====>部门管理:执行测试结束<=====]
2021-11-29 06:05:56-->[loging_handler.py-->INFO-->行号:66-->日志信息:sss]
2021-11-29 06:05:56-->[loging_handler.py-->INFO-->行号:66-->日志信息:sss]
2021-11-29 06:05:56-->[base_case_test.py-->INFO-->行号:25-->日志信息:=====>部门管理:开始执行测试<====]
2021-11-29 06:05:56-->[base_case_test.py-->INFO-->行号:25-->日志信息:=====>部门管理:开始执行测试<====]
2021-11-29 06:06:04-->[base_page.py-->INFO-->行号:70-->日志信息:在登录页面，进行登录操作，等待('xpath', "//input[@name='username']")元素可见成功]
2021-11-29 06:06:04-->[base_page.py-->INFO-->行号:70-->日志信息:在登录页面，进行登录操作，等待('xpath', "//input[@name='username']")元素可见成功]
2021-11-29 06:06:04-->[base_page.py-->INFO-->行号:177-->日志信息:在登录页面,进行登录操作的时候,对元素('xpath', "//input[@name='username']")输入admin,【成功】]
2021-11-29 06:06:04-->[base_page.py-->INFO-->行号:177-->日志信息:在登录页面,进行登录操作的时候,对元素('xpath', "//input[@name='username']")输入admin,【成功】]
2021-11-29 06:06:04-->[base_page.py-->INFO-->行号:70-->日志信息:在登录页面，进行登录操作，等待('xpath', "//input[@name='password']")元素可见成功]
2021-11-29 06:06:04-->[base_page.py-->INFO-->行号:70-->日志信息:在登录页面，进行登录操作，等待('xpath', "//input[@name='password']")元素可见成功]
2021-11-29 06:06:04-->[base_page.py-->INFO-->行号:177-->日志信息:在登录页面,进行登录操作的时候,对元素('xpath', "//input[@name='password']")输入admin,【成功】]
2021-11-29 06:06:04-->[base_page.py-->INFO-->行号:177-->日志信息:在登录页面,进行登录操作的时候,对元素('xpath', "//input[@name='password']")输入admin,【成功】]
2021-11-29 06:06:04-->[base_page.py-->INFO-->行号:70-->日志信息:在登录页面，进行登录操作，等待('xpath', "//span[text()='登录']")元素可见成功]
2021-11-29 06:06:04-->[base_page.py-->INFO-->行号:70-->日志信息:在登录页面，进行登录操作，等待('xpath', "//span[text()='登录']")元素可见成功]
2021-11-29 06:06:04-->[base_page.py-->INFO-->行号:154-->日志信息:在登录页面,进行登录操作的时候,点击元素('xpath', "//span[text()='登录']")成功]
2021-11-29 06:06:04-->[base_page.py-->INFO-->行号:154-->日志信息:在登录页面,进行登录操作的时候,点击元素('xpath', "//span[text()='登录']")成功]
2021-11-29 06:06:06-->[base_page.py-->INFO-->行号:122-->日志信息:在首页,进行点击系统设置操作,等待('xpath', '//span[text()="系统设置"]')元素出现【成功】]
2021-11-29 06:06:06-->[base_page.py-->INFO-->行号:122-->日志信息:在首页,进行点击系统设置操作,等待('xpath', '//span[text()="系统设置"]')元素出现【成功】]
2021-11-29 06:06:06-->[base_page.py-->INFO-->行号:154-->日志信息:在首页,进行点击系统设置操作的时候,点击元素('xpath', '//span[text()="系统设置"]')成功]
2021-11-29 06:06:06-->[base_page.py-->INFO-->行号:154-->日志信息:在首页,进行点击系统设置操作的时候,点击元素('xpath', '//span[text()="系统设置"]')成功]
2021-11-29 06:06:08-->[base_page.py-->INFO-->行号:122-->日志信息:在首页,进行点击部门管理操作,等待('xpath', '//span[text()="部门管理"]')元素出现【成功】]
2021-11-29 06:06:08-->[base_page.py-->INFO-->行号:122-->日志信息:在首页,进行点击部门管理操作,等待('xpath', '//span[text()="部门管理"]')元素出现【成功】]
2021-11-29 06:06:08-->[base_page.py-->INFO-->行号:154-->日志信息:在首页,进行点击部门管理操作的时候,点击元素('xpath', '//span[text()="部门管理"]')成功]
2021-11-29 06:06:08-->[base_page.py-->INFO-->行号:154-->日志信息:在首页,进行点击部门管理操作的时候,点击元素('xpath', '//span[text()="部门管理"]')成功]
2021-11-29 06:06:08-->[test_dept_manage.py-->INFO-->行号:39-->日志信息:在部门管理页面，生成的用户名是d_prgos]
2021-11-29 06:06:08-->[test_dept_manage.py-->INFO-->行号:39-->日志信息:在部门管理页面，生成的用户名是d_prgos]
2021-11-29 06:06:09-->[base_page.py-->INFO-->行号:122-->日志信息:在用户管理界面,进行输入部门名称操作,等待('xpath', "//input[@placeholder='搜索公司名称']")元素出现【成功】]
2021-11-29 06:06:09-->[base_page.py-->INFO-->行号:122-->日志信息:在用户管理界面,进行输入部门名称操作,等待('xpath', "//input[@placeholder='搜索公司名称']")元素出现【成功】]
2021-11-29 06:06:09-->[base_page.py-->INFO-->行号:177-->日志信息:在用户管理界面,进行输入部门名称操作的时候,对元素('xpath', "//input[@placeholder='搜索公司名称']")输入d_prgos,【成功】]
2021-11-29 06:06:09-->[base_page.py-->INFO-->行号:177-->日志信息:在用户管理界面,进行输入部门名称操作的时候,对元素('xpath', "//input[@placeholder='搜索公司名称']")输入d_prgos,【成功】]
2021-11-29 06:06:09-->[test_dept_manage.py-->INFO-->行号:45-->日志信息:部门管理页面开始断言]
2021-11-29 06:06:09-->[test_dept_manage.py-->INFO-->行号:45-->日志信息:部门管理页面开始断言]
2021-11-29 06:06:09-->[base_page.py-->INFO-->行号:122-->日志信息:在用户管理界面,进行查询不存在的部门元素定位操作,等待('xpath', "//span[@class='el-table__empty-text']")元素出现【成功】]
2021-11-29 06:06:09-->[base_page.py-->INFO-->行号:122-->日志信息:在用户管理界面,进行查询不存在的部门元素定位操作,等待('xpath', "//span[@class='el-table__empty-text']")元素出现【成功】]
2021-11-29 06:06:09-->[base_page.py-->INFO-->行号:195-->日志信息:在用户管理界面,进行>>查询不存在的部门元素定位<<操作获取元素('xpath', "//span[@class='el-table__empty-text']")文本内容【成功】,文本内容是:暂无数据]
2021-11-29 06:06:09-->[base_page.py-->INFO-->行号:195-->日志信息:在用户管理界面,进行>>查询不存在的部门元素定位<<操作获取元素('xpath', "//span[@class='el-table__empty-text']")文本内容【成功】,文本内容是:暂无数据]
2021-11-29 06:06:11-->[test_dept_manage.py-->INFO-->行号:82-->日志信息:部门管理页面获取的部门名称是:[]]
2021-11-29 06:06:11-->[test_dept_manage.py-->INFO-->行号:82-->日志信息:部门管理页面获取的部门名称是:[]]
2021-11-29 06:06:11-->[base_page.py-->INFO-->行号:122-->日志信息:在首页,进行点击系统设置操作,等待('xpath', '//span[text()="系统设置"]')元素出现【成功】]
2021-11-29 06:06:11-->[base_page.py-->INFO-->行号:122-->日志信息:在首页,进行点击系统设置操作,等待('xpath', '//span[text()="系统设置"]')元素出现【成功】]
2021-11-29 06:06:11-->[base_page.py-->INFO-->行号:154-->日志信息:在首页,进行点击系统设置操作的时候,点击元素('xpath', '//span[text()="系统设置"]')成功]
2021-11-29 06:06:11-->[base_page.py-->INFO-->行号:154-->日志信息:在首页,进行点击系统设置操作的时候,点击元素('xpath', '//span[text()="系统设置"]')成功]
2021-11-29 06:06:13-->[base_page.py-->INFO-->行号:122-->日志信息:在用户管理界面,进行输入部门名称操作,等待('xpath', "//input[@placeholder='搜索公司名称']")元素出现【成功】]
2021-11-29 06:06:13-->[base_page.py-->INFO-->行号:122-->日志信息:在用户管理界面,进行输入部门名称操作,等待('xpath', "//input[@placeholder='搜索公司名称']")元素出现【成功】]
2021-11-29 06:06:13-->[base_page.py-->INFO-->行号:177-->日志信息:在用户管理界面,进行输入部门名称操作的时候,对元素('xpath', "//input[@placeholder='搜索公司名称']")输入5,【成功】]
2021-11-29 06:06:13-->[base_page.py-->INFO-->行号:177-->日志信息:在用户管理界面,进行输入部门名称操作的时候,对元素('xpath', "//input[@placeholder='搜索公司名称']")输入5,【成功】]
2021-11-29 06:06:13-->[test_dept_manage.py-->INFO-->行号:45-->日志信息:部门管理页面开始断言]
2021-11-29 06:06:13-->[test_dept_manage.py-->INFO-->行号:45-->日志信息:部门管理页面开始断言]
2021-11-29 06:06:13-->[base_page.py-->INFO-->行号:122-->日志信息:在用户管理界面,进行查询不存在的部门元素定位操作,等待('xpath', "//span[@class='el-table__empty-text']")元素出现【成功】]
2021-11-29 06:06:13-->[base_page.py-->INFO-->行号:122-->日志信息:在用户管理界面,进行查询不存在的部门元素定位操作,等待('xpath', "//span[@class='el-table__empty-text']")元素出现【成功】]
2021-11-29 06:06:13-->[base_page.py-->INFO-->行号:195-->日志信息:在用户管理界面,进行>>查询不存在的部门元素定位<<操作获取元素('xpath', "//span[@class='el-table__empty-text']")文本内容【成功】,文本内容是:暂无数据]
2021-11-29 06:06:13-->[base_page.py-->INFO-->行号:195-->日志信息:在用户管理界面,进行>>查询不存在的部门元素定位<<操作获取元素('xpath', "//span[@class='el-table__empty-text']")文本内容【成功】,文本内容是:暂无数据]
2021-11-29 06:06:15-->[test_dept_manage.py-->INFO-->行号:82-->日志信息:部门管理页面获取的部门名称是:[]]
2021-11-29 06:06:15-->[test_dept_manage.py-->INFO-->行号:82-->日志信息:部门管理页面获取的部门名称是:[]]
2021-11-29 06:06:15-->[base_case_test.py-->INFO-->行号:29-->日志信息:=====>部门管理:执行测试结束<=====]
2021-11-29 06:06:15-->[base_case_test.py-->INFO-->行号:29-->日志信息:=====>部门管理:执行测试结束<=====]
2021-11-29 06:08:23-->[loging_handler.py-->INFO-->行号:66-->日志信息:sss]
2021-11-29 06:08:23-->[loging_handler.py-->INFO-->行号:66-->日志信息:sss]
2021-11-29 06:08:23-->[base_case_test.py-->INFO-->行号:25-->日志信息:=====>部门管理:开始执行测试<====]
2021-11-29 06:08:23-->[base_case_test.py-->INFO-->行号:25-->日志信息:=====>部门管理:开始执行测试<====]
2021-11-29 06:08:31-->[base_page.py-->INFO-->行号:70-->日志信息:在登录页面，进行登录操作，等待('xpath', "//input[@name='username']")元素可见成功]
2021-11-29 06:08:31-->[base_page.py-->INFO-->行号:70-->日志信息:在登录页面，进行登录操作，等待('xpath', "//input[@name='username']")元素可见成功]
2021-11-29 06:08:31-->[base_page.py-->INFO-->行号:177-->日志信息:在登录页面,进行登录操作的时候,对元素('xpath', "//input[@name='username']")输入admin,【成功】]
2021-11-29 06:08:31-->[base_page.py-->INFO-->行号:177-->日志信息:在登录页面,进行登录操作的时候,对元素('xpath', "//input[@name='username']")输入admin,【成功】]
2021-11-29 06:08:31-->[base_page.py-->INFO-->行号:70-->日志信息:在登录页面，进行登录操作，等待('xpath', "//input[@name='password']")元素可见成功]
2021-11-29 06:08:31-->[base_page.py-->INFO-->行号:70-->日志信息:在登录页面，进行登录操作，等待('xpath', "//input[@name='password']")元素可见成功]
2021-11-29 06:08:31-->[base_page.py-->INFO-->行号:177-->日志信息:在登录页面,进行登录操作的时候,对元素('xpath', "//input[@name='password']")输入admin,【成功】]
2021-11-29 06:08:31-->[base_page.py-->INFO-->行号:177-->日志信息:在登录页面,进行登录操作的时候,对元素('xpath', "//input[@name='password']")输入admin,【成功】]
2021-11-29 06:08:31-->[base_page.py-->INFO-->行号:70-->日志信息:在登录页面，进行登录操作，等待('xpath', "//span[text()='登录']")元素可见成功]
2021-11-29 06:08:31-->[base_page.py-->INFO-->行号:70-->日志信息:在登录页面，进行登录操作，等待('xpath', "//span[text()='登录']")元素可见成功]
2021-11-29 06:08:31-->[base_page.py-->INFO-->行号:154-->日志信息:在登录页面,进行登录操作的时候,点击元素('xpath', "//span[text()='登录']")成功]
2021-11-29 06:08:31-->[base_page.py-->INFO-->行号:154-->日志信息:在登录页面,进行登录操作的时候,点击元素('xpath', "//span[text()='登录']")成功]
2021-11-29 06:08:32-->[base_page.py-->INFO-->行号:122-->日志信息:在首页,进行点击系统设置操作,等待('xpath', '//span[text()="系统设置"]')元素出现【成功】]
2021-11-29 06:08:32-->[base_page.py-->INFO-->行号:122-->日志信息:在首页,进行点击系统设置操作,等待('xpath', '//span[text()="系统设置"]')元素出现【成功】]
2021-11-29 06:08:32-->[base_page.py-->INFO-->行号:154-->日志信息:在首页,进行点击系统设置操作的时候,点击元素('xpath', '//span[text()="系统设置"]')成功]
2021-11-29 06:08:32-->[base_page.py-->INFO-->行号:154-->日志信息:在首页,进行点击系统设置操作的时候,点击元素('xpath', '//span[text()="系统设置"]')成功]
2021-11-29 06:08:34-->[base_page.py-->INFO-->行号:122-->日志信息:在首页,进行点击部门管理操作,等待('xpath', '//span[text()="部门管理"]')元素出现【成功】]
2021-11-29 06:08:34-->[base_page.py-->INFO-->行号:122-->日志信息:在首页,进行点击部门管理操作,等待('xpath', '//span[text()="部门管理"]')元素出现【成功】]
2021-11-29 06:08:34-->[base_page.py-->INFO-->行号:154-->日志信息:在首页,进行点击部门管理操作的时候,点击元素('xpath', '//span[text()="部门管理"]')成功]
2021-11-29 06:08:34-->[base_page.py-->INFO-->行号:154-->日志信息:在首页,进行点击部门管理操作的时候,点击元素('xpath', '//span[text()="部门管理"]')成功]
2021-11-29 06:08:34-->[test_dept_manage.py-->INFO-->行号:39-->日志信息:在部门管理页面，生成的用户名是d_jznoz]
2021-11-29 06:08:34-->[test_dept_manage.py-->INFO-->行号:39-->日志信息:在部门管理页面，生成的用户名是d_jznoz]
2021-11-29 06:08:35-->[base_page.py-->INFO-->行号:122-->日志信息:在用户管理界面,进行输入部门名称操作,等待('xpath', "//input[@placeholder='搜索公司名称']")元素出现【成功】]
2021-11-29 06:08:35-->[base_page.py-->INFO-->行号:122-->日志信息:在用户管理界面,进行输入部门名称操作,等待('xpath', "//input[@placeholder='搜索公司名称']")元素出现【成功】]
2021-11-29 06:08:35-->[base_page.py-->INFO-->行号:177-->日志信息:在用户管理界面,进行输入部门名称操作的时候,对元素('xpath', "//input[@placeholder='搜索公司名称']")输入d_jznoz,【成功】]
2021-11-29 06:08:35-->[base_page.py-->INFO-->行号:177-->日志信息:在用户管理界面,进行输入部门名称操作的时候,对元素('xpath', "//input[@placeholder='搜索公司名称']")输入d_jznoz,【成功】]
2021-11-29 06:08:35-->[test_dept_manage.py-->INFO-->行号:45-->日志信息:部门管理页面开始断言]
2021-11-29 06:08:35-->[test_dept_manage.py-->INFO-->行号:45-->日志信息:部门管理页面开始断言]
2021-11-29 06:08:35-->[base_page.py-->INFO-->行号:122-->日志信息:在用户管理界面,进行查询不存在的部门元素定位操作,等待('xpath', "//span[@class='el-table__empty-text']")元素出现【成功】]
2021-11-29 06:08:35-->[base_page.py-->INFO-->行号:122-->日志信息:在用户管理界面,进行查询不存在的部门元素定位操作,等待('xpath', "//span[@class='el-table__empty-text']")元素出现【成功】]
2021-11-29 06:08:35-->[base_page.py-->INFO-->行号:195-->日志信息:在用户管理界面,进行>>查询不存在的部门元素定位<<操作获取元素('xpath', "//span[@class='el-table__empty-text']")文本内容【成功】,文本内容是:暂无数据]
2021-11-29 06:08:35-->[base_page.py-->INFO-->行号:195-->日志信息:在用户管理界面,进行>>查询不存在的部门元素定位<<操作获取元素('xpath', "//span[@class='el-table__empty-text']")文本内容【成功】,文本内容是:暂无数据]
2021-11-29 06:08:35-->[test_dept_manage.py-->INFO-->行号:46-->日志信息:当前列表长度是:4]
2021-11-29 06:08:35-->[test_dept_manage.py-->INFO-->行号:46-->日志信息:当前列表长度是:4]
2021-11-29 06:08:35-->[base_page.py-->INFO-->行号:122-->日志信息:在用户管理界面,进行查询不存在的部门元素定位操作,等待('xpath', "//span[@class='el-table__empty-text']")元素出现【成功】]
2021-11-29 06:08:35-->[base_page.py-->INFO-->行号:122-->日志信息:在用户管理界面,进行查询不存在的部门元素定位操作,等待('xpath', "//span[@class='el-table__empty-text']")元素出现【成功】]
2021-11-29 06:08:35-->[base_page.py-->INFO-->行号:195-->日志信息:在用户管理界面,进行>>查询不存在的部门元素定位<<操作获取元素('xpath', "//span[@class='el-table__empty-text']")文本内容【成功】,文本内容是:暂无数据]
2021-11-29 06:08:35-->[base_page.py-->INFO-->行号:195-->日志信息:在用户管理界面,进行>>查询不存在的部门元素定位<<操作获取元素('xpath', "//span[@class='el-table__empty-text']")文本内容【成功】,文本内容是:暂无数据]
2021-11-29 06:08:35-->[test_dept_manage.py-->INFO-->行号:48-->日志信息:部门管理页面根据d_jznoz部门名称查询不到该部门]
2021-11-29 06:08:35-->[test_dept_manage.py-->INFO-->行号:48-->日志信息:部门管理页面根据d_jznoz部门名称查询不到该部门]
2021-11-29 06:08:35-->[base_page.py-->INFO-->行号:122-->日志信息:在用户管理界面,进行查询不存在的部门元素定位操作,等待('xpath', "//span[@class='el-table__empty-text']")元素出现【成功】]
2021-11-29 06:08:35-->[base_page.py-->INFO-->行号:122-->日志信息:在用户管理界面,进行查询不存在的部门元素定位操作,等待('xpath', "//span[@class='el-table__empty-text']")元素出现【成功】]
2021-11-29 06:08:35-->[base_page.py-->INFO-->行号:195-->日志信息:在用户管理界面,进行>>查询不存在的部门元素定位<<操作获取元素('xpath', "//span[@class='el-table__empty-text']")文本内容【成功】,文本内容是:暂无数据]
2021-11-29 06:08:35-->[base_page.py-->INFO-->行号:195-->日志信息:在用户管理界面,进行>>查询不存在的部门元素定位<<操作获取元素('xpath', "//span[@class='el-table__empty-text']")文本内容【成功】,文本内容是:暂无数据]
2021-11-29 06:08:35-->[base_case_test.py-->INFO-->行号:49-->日志信息:XX功能:断言成功]
2021-11-29 06:08:35-->[base_case_test.py-->INFO-->行号:49-->日志信息:XX功能:断言成功]
2021-11-29 06:08:35-->[test_dept_manage.py-->INFO-->行号:50-->日志信息:部门管理页面未查询到部门断言成功]
2021-11-29 06:08:35-->[test_dept_manage.py-->INFO-->行号:50-->日志信息:部门管理页面未查询到部门断言成功]
2021-11-29 06:08:35-->[base_page.py-->INFO-->行号:122-->日志信息:在首页,进行点击系统设置操作,等待('xpath', '//span[text()="系统设置"]')元素出现【成功】]
2021-11-29 06:08:35-->[base_page.py-->INFO-->行号:122-->日志信息:在首页,进行点击系统设置操作,等待('xpath', '//span[text()="系统设置"]')元素出现【成功】]
2021-11-29 06:08:35-->[base_page.py-->INFO-->行号:154-->日志信息:在首页,进行点击系统设置操作的时候,点击元素('xpath', '//span[text()="系统设置"]')成功]
2021-11-29 06:08:35-->[base_page.py-->INFO-->行号:154-->日志信息:在首页,进行点击系统设置操作的时候,点击元素('xpath', '//span[text()="系统设置"]')成功]
2021-11-29 06:08:37-->[base_page.py-->INFO-->行号:122-->日志信息:在用户管理界面,进行输入部门名称操作,等待('xpath', "//input[@placeholder='搜索公司名称']")元素出现【成功】]
2021-11-29 06:08:37-->[base_page.py-->INFO-->行号:122-->日志信息:在用户管理界面,进行输入部门名称操作,等待('xpath', "//input[@placeholder='搜索公司名称']")元素出现【成功】]
2021-11-29 06:08:37-->[base_page.py-->INFO-->行号:177-->日志信息:在用户管理界面,进行输入部门名称操作的时候,对元素('xpath', "//input[@placeholder='搜索公司名称']")输入5,【成功】]
2021-11-29 06:08:37-->[base_page.py-->INFO-->行号:177-->日志信息:在用户管理界面,进行输入部门名称操作的时候,对元素('xpath', "//input[@placeholder='搜索公司名称']")输入5,【成功】]
2021-11-29 06:08:37-->[test_dept_manage.py-->INFO-->行号:45-->日志信息:部门管理页面开始断言]
2021-11-29 06:08:37-->[test_dept_manage.py-->INFO-->行号:45-->日志信息:部门管理页面开始断言]
2021-11-29 06:08:37-->[base_page.py-->INFO-->行号:122-->日志信息:在用户管理界面,进行查询不存在的部门元素定位操作,等待('xpath', "//span[@class='el-table__empty-text']")元素出现【成功】]
2021-11-29 06:08:37-->[base_page.py-->INFO-->行号:122-->日志信息:在用户管理界面,进行查询不存在的部门元素定位操作,等待('xpath', "//span[@class='el-table__empty-text']")元素出现【成功】]
2021-11-29 06:08:37-->[base_page.py-->INFO-->行号:195-->日志信息:在用户管理界面,进行>>查询不存在的部门元素定位<<操作获取元素('xpath', "//span[@class='el-table__empty-text']")文本内容【成功】,文本内容是:暂无数据]
2021-11-29 06:08:37-->[base_page.py-->INFO-->行号:195-->日志信息:在用户管理界面,进行>>查询不存在的部门元素定位<<操作获取元素('xpath', "//span[@class='el-table__empty-text']")文本内容【成功】,文本内容是:暂无数据]
2021-11-29 06:08:37-->[test_dept_manage.py-->INFO-->行号:46-->日志信息:当前列表长度是:4]
2021-11-29 06:08:37-->[test_dept_manage.py-->INFO-->行号:46-->日志信息:当前列表长度是:4]
2021-11-29 06:08:37-->[base_page.py-->INFO-->行号:122-->日志信息:在用户管理界面,进行查询不存在的部门元素定位操作,等待('xpath', "//span[@class='el-table__empty-text']")元素出现【成功】]
2021-11-29 06:08:37-->[base_page.py-->INFO-->行号:122-->日志信息:在用户管理界面,进行查询不存在的部门元素定位操作,等待('xpath', "//span[@class='el-table__empty-text']")元素出现【成功】]
2021-11-29 06:08:37-->[base_page.py-->INFO-->行号:195-->日志信息:在用户管理界面,进行>>查询不存在的部门元素定位<<操作获取元素('xpath', "//span[@class='el-table__empty-text']")文本内容【成功】,文本内容是:暂无数据]
2021-11-29 06:08:37-->[base_page.py-->INFO-->行号:195-->日志信息:在用户管理界面,进行>>查询不存在的部门元素定位<<操作获取元素('xpath', "//span[@class='el-table__empty-text']")文本内容【成功】,文本内容是:暂无数据]
2021-11-29 06:08:37-->[test_dept_manage.py-->ERROR-->行号:57-->日志信息:部门管理页面断言未通过]
Traceback (most recent call last):
  File "/Users/yantianpeng/Desktop/exam_ui_auto/testcase/test_dept_manage.py", line 48, in test_add_dept
    self.log.info("{}页面根据{}部门名称查询不到该部门".format(self.name,deptname));
UnboundLocalError: local variable 'deptname' referenced before assignment
2021-11-29 06:08:37-->[test_dept_manage.py-->ERROR-->行号:57-->日志信息:部门管理页面断言未通过]
Traceback (most recent call last):
  File "/Users/yantianpeng/Desktop/exam_ui_auto/testcase/test_dept_manage.py", line 48, in test_add_dept
    self.log.info("{}页面根据{}部门名称查询不到该部门".format(self.name,deptname));
UnboundLocalError: local variable 'deptname' referenced before assignment
2021-11-29 06:08:37-->[test_dept_manage.py-->INFO-->行号:58-->日志信息:local variable 'deptname' referenced before assignment-->页面断言未通过愿原因]
2021-11-29 06:08:37-->[test_dept_manage.py-->INFO-->行号:58-->日志信息:local variable 'deptname' referenced before assignment-->页面断言未通过愿原因]
2021-11-29 06:08:38-->[base_case_test.py-->INFO-->行号:29-->日志信息:=====>部门管理:执行测试结束<=====]
2021-11-29 06:08:38-->[base_case_test.py-->INFO-->行号:29-->日志信息:=====>部门管理:执行测试结束<=====]
2021-11-29 06:11:13-->[loging_handler.py-->INFO-->行号:66-->日志信息:sss]
2021-11-29 06:11:13-->[loging_handler.py-->INFO-->行号:66-->日志信息:sss]
2021-11-29 06:11:13-->[base_case_test.py-->INFO-->行号:25-->日志信息:=====>部门管理:开始执行测试<====]
2021-11-29 06:11:13-->[base_case_test.py-->INFO-->行号:25-->日志信息:=====>部门管理:开始执行测试<====]
2021-11-29 06:11:22-->[base_page.py-->INFO-->行号:70-->日志信息:在登录页面，进行登录操作，等待('xpath', "//input[@name='username']")元素可见成功]
2021-11-29 06:11:22-->[base_page.py-->INFO-->行号:70-->日志信息:在登录页面，进行登录操作，等待('xpath', "//input[@name='username']")元素可见成功]
2021-11-29 06:11:22-->[base_page.py-->INFO-->行号:177-->日志信息:在登录页面,进行登录操作的时候,对元素('xpath', "//input[@name='username']")输入admin,【成功】]
2021-11-29 06:11:22-->[base_page.py-->INFO-->行号:177-->日志信息:在登录页面,进行登录操作的时候,对元素('xpath', "//input[@name='username']")输入admin,【成功】]
2021-11-29 06:11:22-->[base_page.py-->INFO-->行号:70-->日志信息:在登录页面，进行登录操作，等待('xpath', "//input[@name='password']")元素可见成功]
2021-11-29 06:11:22-->[base_page.py-->INFO-->行号:70-->日志信息:在登录页面，进行登录操作，等待('xpath', "//input[@name='password']")元素可见成功]
2021-11-29 06:11:22-->[base_page.py-->INFO-->行号:177-->日志信息:在登录页面,进行登录操作的时候,对元素('xpath', "//input[@name='password']")输入admin,【成功】]
2021-11-29 06:11:22-->[base_page.py-->INFO-->行号:177-->日志信息:在登录页面,进行登录操作的时候,对元素('xpath', "//input[@name='password']")输入admin,【成功】]
2021-11-29 06:11:22-->[base_page.py-->INFO-->行号:70-->日志信息:在登录页面，进行登录操作，等待('xpath', "//span[text()='登录']")元素可见成功]
2021-11-29 06:11:22-->[base_page.py-->INFO-->行号:70-->日志信息:在登录页面，进行登录操作，等待('xpath', "//span[text()='登录']")元素可见成功]
2021-11-29 06:11:22-->[base_page.py-->INFO-->行号:154-->日志信息:在登录页面,进行登录操作的时候,点击元素('xpath', "//span[text()='登录']")成功]
2021-11-29 06:11:22-->[base_page.py-->INFO-->行号:154-->日志信息:在登录页面,进行登录操作的时候,点击元素('xpath', "//span[text()='登录']")成功]
2021-11-29 06:11:22-->[base_page.py-->INFO-->行号:122-->日志信息:在首页,进行点击系统设置操作,等待('xpath', '//span[text()="系统设置"]')元素出现【成功】]
2021-11-29 06:11:22-->[base_page.py-->INFO-->行号:122-->日志信息:在首页,进行点击系统设置操作,等待('xpath', '//span[text()="系统设置"]')元素出现【成功】]
2021-11-29 06:11:22-->[base_page.py-->INFO-->行号:154-->日志信息:在首页,进行点击系统设置操作的时候,点击元素('xpath', '//span[text()="系统设置"]')成功]
2021-11-29 06:11:22-->[base_page.py-->INFO-->行号:154-->日志信息:在首页,进行点击系统设置操作的时候,点击元素('xpath', '//span[text()="系统设置"]')成功]
2021-11-29 06:11:24-->[base_page.py-->INFO-->行号:122-->日志信息:在首页,进行点击部门管理操作,等待('xpath', '//span[text()="部门管理"]')元素出现【成功】]
2021-11-29 06:11:24-->[base_page.py-->INFO-->行号:122-->日志信息:在首页,进行点击部门管理操作,等待('xpath', '//span[text()="部门管理"]')元素出现【成功】]
2021-11-29 06:11:24-->[base_page.py-->INFO-->行号:154-->日志信息:在首页,进行点击部门管理操作的时候,点击元素('xpath', '//span[text()="部门管理"]')成功]
2021-11-29 06:11:24-->[base_page.py-->INFO-->行号:154-->日志信息:在首页,进行点击部门管理操作的时候,点击元素('xpath', '//span[text()="部门管理"]')成功]
2021-11-29 06:11:24-->[test_dept_manage.py-->INFO-->行号:39-->日志信息:在部门管理页面，生成的用户名是d_xlvgl]
2021-11-29 06:11:24-->[test_dept_manage.py-->INFO-->行号:39-->日志信息:在部门管理页面，生成的用户名是d_xlvgl]
2021-11-29 06:11:25-->[base_page.py-->INFO-->行号:122-->日志信息:在用户管理界面,进行输入部门名称操作,等待('xpath', "//input[@placeholder='搜索公司名称']")元素出现【成功】]
2021-11-29 06:11:25-->[base_page.py-->INFO-->行号:122-->日志信息:在用户管理界面,进行输入部门名称操作,等待('xpath', "//input[@placeholder='搜索公司名称']")元素出现【成功】]
2021-11-29 06:11:25-->[base_page.py-->INFO-->行号:177-->日志信息:在用户管理界面,进行输入部门名称操作的时候,对元素('xpath', "//input[@placeholder='搜索公司名称']")输入d_xlvgl,【成功】]
2021-11-29 06:11:25-->[base_page.py-->INFO-->行号:177-->日志信息:在用户管理界面,进行输入部门名称操作的时候,对元素('xpath', "//input[@placeholder='搜索公司名称']")输入d_xlvgl,【成功】]
2021-11-29 06:11:25-->[test_dept_manage.py-->INFO-->行号:45-->日志信息:部门管理页面开始断言]
2021-11-29 06:11:25-->[test_dept_manage.py-->INFO-->行号:45-->日志信息:部门管理页面开始断言]
2021-11-29 06:11:25-->[base_page.py-->INFO-->行号:122-->日志信息:在用户管理界面,进行查询不存在的部门元素定位操作,等待('xpath', "//span[@class='el-table__empty-text']")元素出现【成功】]
2021-11-29 06:11:25-->[base_page.py-->INFO-->行号:122-->日志信息:在用户管理界面,进行查询不存在的部门元素定位操作,等待('xpath', "//span[@class='el-table__empty-text']")元素出现【成功】]
2021-11-29 06:11:25-->[base_page.py-->INFO-->行号:195-->日志信息:在用户管理界面,进行>>查询不存在的部门元素定位<<操作获取元素('xpath', "//span[@class='el-table__empty-text']")文本内容【成功】,文本内容是:暂无数据]
2021-11-29 06:11:25-->[base_page.py-->INFO-->行号:195-->日志信息:在用户管理界面,进行>>查询不存在的部门元素定位<<操作获取元素('xpath', "//span[@class='el-table__empty-text']")文本内容【成功】,文本内容是:暂无数据]
2021-11-29 06:11:25-->[base_page.py-->INFO-->行号:122-->日志信息:在用户管理界面,进行查询不存在的部门元素定位操作,等待('xpath', "//span[@class='el-table__empty-text']")元素出现【成功】]
2021-11-29 06:11:25-->[base_page.py-->INFO-->行号:122-->日志信息:在用户管理界面,进行查询不存在的部门元素定位操作,等待('xpath', "//span[@class='el-table__empty-text']")元素出现【成功】]
2021-11-29 06:11:25-->[base_page.py-->INFO-->行号:195-->日志信息:在用户管理界面,进行>>查询不存在的部门元素定位<<操作获取元素('xpath', "//span[@class='el-table__empty-text']")文本内容【成功】,文本内容是:暂无数据]
2021-11-29 06:11:25-->[base_page.py-->INFO-->行号:195-->日志信息:在用户管理界面,进行>>查询不存在的部门元素定位<<操作获取元素('xpath', "//span[@class='el-table__empty-text']")文本内容【成功】,文本内容是:暂无数据]
2021-11-29 06:11:25-->[base_case_test.py-->INFO-->行号:49-->日志信息:XX功能:断言成功]
2021-11-29 06:11:25-->[base_case_test.py-->INFO-->行号:49-->日志信息:XX功能:断言成功]
2021-11-29 06:11:25-->[test_dept_manage.py-->INFO-->行号:48-->日志信息:部门管理页面未查询到部门断言成功]
2021-11-29 06:11:25-->[test_dept_manage.py-->INFO-->行号:48-->日志信息:部门管理页面未查询到部门断言成功]
2021-11-29 06:11:25-->[base_page.py-->INFO-->行号:122-->日志信息:在首页,进行点击系统设置操作,等待('xpath', '//span[text()="系统设置"]')元素出现【成功】]
2021-11-29 06:11:25-->[base_page.py-->INFO-->行号:122-->日志信息:在首页,进行点击系统设置操作,等待('xpath', '//span[text()="系统设置"]')元素出现【成功】]
2021-11-29 06:11:25-->[base_page.py-->INFO-->行号:154-->日志信息:在首页,进行点击系统设置操作的时候,点击元素('xpath', '//span[text()="系统设置"]')成功]
2021-11-29 06:11:25-->[base_page.py-->INFO-->行号:154-->日志信息:在首页,进行点击系统设置操作的时候,点击元素('xpath', '//span[text()="系统设置"]')成功]
2021-11-29 06:11:27-->[base_page.py-->INFO-->行号:122-->日志信息:在用户管理界面,进行输入部门名称操作,等待('xpath', "//input[@placeholder='搜索公司名称']")元素出现【成功】]
2021-11-29 06:11:27-->[base_page.py-->INFO-->行号:122-->日志信息:在用户管理界面,进行输入部门名称操作,等待('xpath', "//input[@placeholder='搜索公司名称']")元素出现【成功】]
2021-11-29 06:11:27-->[base_page.py-->INFO-->行号:177-->日志信息:在用户管理界面,进行输入部门名称操作的时候,对元素('xpath', "//input[@placeholder='搜索公司名称']")输入5,【成功】]
2021-11-29 06:11:27-->[base_page.py-->INFO-->行号:177-->日志信息:在用户管理界面,进行输入部门名称操作的时候,对元素('xpath', "//input[@placeholder='搜索公司名称']")输入5,【成功】]
2021-11-29 06:11:27-->[test_dept_manage.py-->INFO-->行号:45-->日志信息:部门管理页面开始断言]
2021-11-29 06:11:27-->[test_dept_manage.py-->INFO-->行号:45-->日志信息:部门管理页面开始断言]
2021-11-29 06:11:30-->[base_page.py-->ERROR-->行号:118-->日志信息:在用户管理界面,进行查询不存在的部门元素定位操作,等待('xpath', "//span[@class='el-table__empty-text']")元素出现【失败】]
Traceback (most recent call last):
  File "/Users/yantianpeng/Desktop/exam_ui_auto/page_object/base_page.py", line 115, in wait_element_presence_located
    self.element = WebDriverWait(driver=self.driver,timeout=timeout,poll_frequency=poll_frequency)\
  File "/usr/local/lib/python3.8/site-packages/selenium/webdriver/support/wait.py", line 80, in until
    raise TimeoutException(message, screen, stacktrace)
selenium.common.exceptions.TimeoutException: Message: 

2021-11-29 06:11:30-->[base_page.py-->ERROR-->行号:118-->日志信息:在用户管理界面,进行查询不存在的部门元素定位操作,等待('xpath', "//span[@class='el-table__empty-text']")元素出现【失败】]
Traceback (most recent call last):
  File "/Users/yantianpeng/Desktop/exam_ui_auto/page_object/base_page.py", line 115, in wait_element_presence_located
    self.element = WebDriverWait(driver=self.driver,timeout=timeout,poll_frequency=poll_frequency)\
  File "/usr/local/lib/python3.8/site-packages/selenium/webdriver/support/wait.py", line 80, in until
    raise TimeoutException(message, screen, stacktrace)
selenium.common.exceptions.TimeoutException: Message: 

2021-11-29 06:11:30-->[test_dept_manage.py-->ERROR-->行号:55-->日志信息:部门管理页面断言未通过]
Traceback (most recent call last):
  File "/Users/yantianpeng/Desktop/exam_ui_auto/page_object/base_page.py", line 115, in wait_element_presence_located
    self.element = WebDriverWait(driver=self.driver,timeout=timeout,poll_frequency=poll_frequency)\
  File "/usr/local/lib/python3.8/site-packages/selenium/webdriver/support/wait.py", line 80, in until
    raise TimeoutException(message, screen, stacktrace)
selenium.common.exceptions.TimeoutException: Message: 


During handling of the above exception, another exception occurred:

Traceback (most recent call last):
  File "/Users/yantianpeng/Desktop/exam_ui_auto/testcase/test_dept_manage.py", line 46, in test_add_dept
    if len(self.get_no_dept_name()) >1:
  File "/Users/yantianpeng/Desktop/exam_ui_auto/testcase/test_dept_manage.py", line 86, in get_no_dept_name
    return dmp.get_no_dept_data().get_element_text();
  File "/Users/yantianpeng/Desktop/exam_ui_auto/page_object/Dept_Manage_Page.py", line 79, in get_no_dept_data
    return self.wait_element_presence_located(DeptPageLocator.search_no_dept_loc,action="查询不存在的部门元素定位");
  File "/Users/yantianpeng/Desktop/exam_ui_auto/page_object/base_page.py", line 119, in wait_element_presence_located
    self.get_page_screehot(action=self.action);
  File "/Users/yantianpeng/Desktop/exam_ui_auto/page_object/base_page.py", line 259, in get_page_screehot
    self.name,action,datetime.datetime.strftime("%Y-%m-%d %H-%M-%S")));
AttributeError: type object 'datetime.datetime' has no attribute 'datetime'
2021-11-29 06:11:30-->[test_dept_manage.py-->ERROR-->行号:55-->日志信息:部门管理页面断言未通过]
Traceback (most recent call last):
  File "/Users/yantianpeng/Desktop/exam_ui_auto/page_object/base_page.py", line 115, in wait_element_presence_located
    self.element = WebDriverWait(driver=self.driver,timeout=timeout,poll_frequency=poll_frequency)\
  File "/usr/local/lib/python3.8/site-packages/selenium/webdriver/support/wait.py", line 80, in until
    raise TimeoutException(message, screen, stacktrace)
selenium.common.exceptions.TimeoutException: Message: 


During handling of the above exception, another exception occurred:

Traceback (most recent call last):
  File "/Users/yantianpeng/Desktop/exam_ui_auto/testcase/test_dept_manage.py", line 46, in test_add_dept
    if len(self.get_no_dept_name()) >1:
  File "/Users/yantianpeng/Desktop/exam_ui_auto/testcase/test_dept_manage.py", line 86, in get_no_dept_name
    return dmp.get_no_dept_data().get_element_text();
  File "/Users/yantianpeng/Desktop/exam_ui_auto/page_object/Dept_Manage_Page.py", line 79, in get_no_dept_data
    return self.wait_element_presence_located(DeptPageLocator.search_no_dept_loc,action="查询不存在的部门元素定位");
  File "/Users/yantianpeng/Desktop/exam_ui_auto/page_object/base_page.py", line 119, in wait_element_presence_located
    self.get_page_screehot(action=self.action);
  File "/Users/yantianpeng/Desktop/exam_ui_auto/page_object/base_page.py", line 259, in get_page_screehot
    self.name,action,datetime.datetime.strftime("%Y-%m-%d %H-%M-%S")));
AttributeError: type object 'datetime.datetime' has no attribute 'datetime'
2021-11-29 06:11:30-->[test_dept_manage.py-->INFO-->行号:56-->日志信息:type object 'datetime.datetime' has no attribute 'datetime'-->页面断言未通过愿原因]
2021-11-29 06:11:30-->[test_dept_manage.py-->INFO-->行号:56-->日志信息:type object 'datetime.datetime' has no attribute 'datetime'-->页面断言未通过愿原因]
2021-11-29 06:11:31-->[base_case_test.py-->INFO-->行号:29-->日志信息:=====>部门管理:执行测试结束<=====]
2021-11-29 06:11:31-->[base_case_test.py-->INFO-->行号:29-->日志信息:=====>部门管理:执行测试结束<=====]
2021-11-29 07:11:48-->[loging_handler.py-->INFO-->行号:66-->日志信息:sss]
2021-11-29 07:11:48-->[loging_handler.py-->INFO-->行号:66-->日志信息:sss]
2021-11-29 07:11:48-->[base_case_test.py-->INFO-->行号:25-->日志信息:=====>部门管理:开始执行测试<====]
2021-11-29 07:11:48-->[base_case_test.py-->INFO-->行号:25-->日志信息:=====>部门管理:开始执行测试<====]
2021-11-29 07:12:04-->[base_page.py-->INFO-->行号:70-->日志信息:在登录页面，进行登录操作，等待('xpath', "//input[@name='username']")元素可见成功]
2021-11-29 07:12:04-->[base_page.py-->INFO-->行号:70-->日志信息:在登录页面，进行登录操作，等待('xpath', "//input[@name='username']")元素可见成功]
2021-11-29 07:12:04-->[base_page.py-->INFO-->行号:177-->日志信息:在登录页面,进行登录操作的时候,对元素('xpath', "//input[@name='username']")输入admin,【成功】]
2021-11-29 07:12:04-->[base_page.py-->INFO-->行号:177-->日志信息:在登录页面,进行登录操作的时候,对元素('xpath', "//input[@name='username']")输入admin,【成功】]
2021-11-29 07:12:04-->[base_page.py-->INFO-->行号:70-->日志信息:在登录页面，进行登录操作，等待('xpath', "//input[@name='password']")元素可见成功]
2021-11-29 07:12:04-->[base_page.py-->INFO-->行号:70-->日志信息:在登录页面，进行登录操作，等待('xpath', "//input[@name='password']")元素可见成功]
2021-11-29 07:12:04-->[base_page.py-->INFO-->行号:177-->日志信息:在登录页面,进行登录操作的时候,对元素('xpath', "//input[@name='password']")输入admin,【成功】]
2021-11-29 07:12:04-->[base_page.py-->INFO-->行号:177-->日志信息:在登录页面,进行登录操作的时候,对元素('xpath', "//input[@name='password']")输入admin,【成功】]
2021-11-29 07:12:04-->[base_page.py-->INFO-->行号:70-->日志信息:在登录页面，进行登录操作，等待('xpath', "//span[text()='登录']")元素可见成功]
2021-11-29 07:12:04-->[base_page.py-->INFO-->行号:70-->日志信息:在登录页面，进行登录操作，等待('xpath', "//span[text()='登录']")元素可见成功]
2021-11-29 07:12:04-->[base_page.py-->INFO-->行号:154-->日志信息:在登录页面,进行登录操作的时候,点击元素('xpath', "//span[text()='登录']")成功]
2021-11-29 07:12:04-->[base_page.py-->INFO-->行号:154-->日志信息:在登录页面,进行登录操作的时候,点击元素('xpath', "//span[text()='登录']")成功]
2021-11-29 07:12:05-->[base_page.py-->INFO-->行号:122-->日志信息:在首页,进行点击系统设置操作,等待('xpath', '//span[text()="系统设置"]')元素出现【成功】]
2021-11-29 07:12:05-->[base_page.py-->INFO-->行号:122-->日志信息:在首页,进行点击系统设置操作,等待('xpath', '//span[text()="系统设置"]')元素出现【成功】]
2021-11-29 07:12:05-->[base_page.py-->INFO-->行号:154-->日志信息:在首页,进行点击系统设置操作的时候,点击元素('xpath', '//span[text()="系统设置"]')成功]
2021-11-29 07:12:05-->[base_page.py-->INFO-->行号:154-->日志信息:在首页,进行点击系统设置操作的时候,点击元素('xpath', '//span[text()="系统设置"]')成功]
2021-11-29 07:12:07-->[base_page.py-->INFO-->行号:122-->日志信息:在首页,进行点击部门管理操作,等待('xpath', '//span[text()="部门管理"]')元素出现【成功】]
2021-11-29 07:12:07-->[base_page.py-->INFO-->行号:122-->日志信息:在首页,进行点击部门管理操作,等待('xpath', '//span[text()="部门管理"]')元素出现【成功】]
2021-11-29 07:12:07-->[base_page.py-->INFO-->行号:154-->日志信息:在首页,进行点击部门管理操作的时候,点击元素('xpath', '//span[text()="部门管理"]')成功]
2021-11-29 07:12:07-->[base_page.py-->INFO-->行号:154-->日志信息:在首页,进行点击部门管理操作的时候,点击元素('xpath', '//span[text()="部门管理"]')成功]
2021-11-29 07:12:08-->[base_page.py-->INFO-->行号:122-->日志信息:在用户管理界面,进行输入部门名称操作,等待('xpath', "//input[@placeholder='搜索公司名称']")元素出现【成功】]
2021-11-29 07:12:08-->[base_page.py-->INFO-->行号:122-->日志信息:在用户管理界面,进行输入部门名称操作,等待('xpath', "//input[@placeholder='搜索公司名称']")元素出现【成功】]
2021-11-29 07:12:08-->[base_page.py-->INFO-->行号:177-->日志信息:在用户管理界面,进行输入部门名称操作的时候,对元素('xpath', "//input[@placeholder='搜索公司名称']")输入5,【成功】]
2021-11-29 07:12:08-->[base_page.py-->INFO-->行号:177-->日志信息:在用户管理界面,进行输入部门名称操作的时候,对元素('xpath', "//input[@placeholder='搜索公司名称']")输入5,【成功】]
2021-11-29 07:12:08-->[test_dept_manage.py-->INFO-->行号:38-->日志信息:部门管理页面开始断言]
2021-11-29 07:12:08-->[test_dept_manage.py-->INFO-->行号:38-->日志信息:部门管理页面开始断言]
2021-11-29 07:12:10-->[test_dept_manage.py-->INFO-->行号:93-->日志信息:部门管理页面获取的部门名称是:[]]
2021-11-29 07:12:10-->[test_dept_manage.py-->INFO-->行号:93-->日志信息:部门管理页面获取的部门名称是:[]]
2021-11-29 07:12:10-->[test_dept_manage.py-->INFO-->行号:58-->日志信息:在部门管理页面，生成的用户名是d_xwkqd]
2021-11-29 07:12:10-->[test_dept_manage.py-->INFO-->行号:58-->日志信息:在部门管理页面，生成的用户名是d_xwkqd]
2021-11-29 07:12:10-->[base_page.py-->INFO-->行号:122-->日志信息:在用户管理界面,进行输入部门名称操作,等待('xpath', "//input[@placeholder='搜索公司名称']")元素出现【成功】]
2021-11-29 07:12:10-->[base_page.py-->INFO-->行号:122-->日志信息:在用户管理界面,进行输入部门名称操作,等待('xpath', "//input[@placeholder='搜索公司名称']")元素出现【成功】]
2021-11-29 07:12:10-->[base_page.py-->INFO-->行号:177-->日志信息:在用户管理界面,进行输入部门名称操作的时候,对元素('xpath', "//input[@placeholder='搜索公司名称']")输入d_xwkqd,【成功】]
2021-11-29 07:12:10-->[base_page.py-->INFO-->行号:177-->日志信息:在用户管理界面,进行输入部门名称操作的时候,对元素('xpath', "//input[@placeholder='搜索公司名称']")输入d_xwkqd,【成功】]
2021-11-29 07:12:10-->[test_dept_manage.py-->INFO-->行号:64-->日志信息:部门管理页面开始断言]
2021-11-29 07:12:10-->[test_dept_manage.py-->INFO-->行号:64-->日志信息:部门管理页面开始断言]
2021-11-29 07:12:11-->[base_page.py-->INFO-->行号:122-->日志信息:在用户管理界面,进行查询不存在的部门元素定位操作,等待('xpath', "//span[@class='el-table__empty-text']")元素出现【成功】]
2021-11-29 07:12:11-->[base_page.py-->INFO-->行号:122-->日志信息:在用户管理界面,进行查询不存在的部门元素定位操作,等待('xpath', "//span[@class='el-table__empty-text']")元素出现【成功】]
2021-11-29 07:12:11-->[base_page.py-->INFO-->行号:195-->日志信息:在用户管理界面,进行>>查询不存在的部门元素定位<<操作获取元素('xpath', "//span[@class='el-table__empty-text']")文本内容【成功】,文本内容是:暂无数据]
2021-11-29 07:12:11-->[base_page.py-->INFO-->行号:195-->日志信息:在用户管理界面,进行>>查询不存在的部门元素定位<<操作获取元素('xpath', "//span[@class='el-table__empty-text']")文本内容【成功】,文本内容是:暂无数据]
2021-11-29 07:12:11-->[base_case_test.py-->INFO-->行号:49-->日志信息:XX功能:断言成功]
2021-11-29 07:12:11-->[base_case_test.py-->INFO-->行号:49-->日志信息:XX功能:断言成功]
2021-11-29 07:12:11-->[test_dept_manage.py-->INFO-->行号:66-->日志信息:部门管理页面断言成功]
2021-11-29 07:12:11-->[test_dept_manage.py-->INFO-->行号:66-->日志信息:部门管理页面断言成功]
2021-11-29 07:12:11-->[base_case_test.py-->INFO-->行号:29-->日志信息:=====>部门管理:执行测试结束<=====]
2021-11-29 07:12:11-->[base_case_test.py-->INFO-->行号:29-->日志信息:=====>部门管理:执行测试结束<=====]
2021-11-29 07:13:17-->[loging_handler.py-->INFO-->行号:66-->日志信息:sss]
2021-11-29 07:13:17-->[loging_handler.py-->INFO-->行号:66-->日志信息:sss]
2021-11-29 07:15:39-->[loging_handler.py-->INFO-->行号:66-->日志信息:sss]
2021-11-29 07:15:39-->[loging_handler.py-->INFO-->行号:66-->日志信息:sss]
2021-11-29 07:15:39-->[base_case_test.py-->INFO-->行号:25-->日志信息:=====>部门管理:开始执行测试<====]
2021-11-29 07:15:39-->[base_case_test.py-->INFO-->行号:25-->日志信息:=====>部门管理:开始执行测试<====]
2021-11-29 07:15:47-->[base_page.py-->INFO-->行号:70-->日志信息:在登录页面，进行登录操作，等待('xpath', "//input[@name='username']")元素可见成功]
2021-11-29 07:15:47-->[base_page.py-->INFO-->行号:70-->日志信息:在登录页面，进行登录操作，等待('xpath', "//input[@name='username']")元素可见成功]
2021-11-29 07:15:47-->[base_page.py-->INFO-->行号:177-->日志信息:在登录页面,进行登录操作的时候,对元素('xpath', "//input[@name='username']")输入admin,【成功】]
2021-11-29 07:15:47-->[base_page.py-->INFO-->行号:177-->日志信息:在登录页面,进行登录操作的时候,对元素('xpath', "//input[@name='username']")输入admin,【成功】]
2021-11-29 07:15:47-->[base_page.py-->INFO-->行号:70-->日志信息:在登录页面，进行登录操作，等待('xpath', "//input[@name='password']")元素可见成功]
2021-11-29 07:15:47-->[base_page.py-->INFO-->行号:70-->日志信息:在登录页面，进行登录操作，等待('xpath', "//input[@name='password']")元素可见成功]
2021-11-29 07:15:47-->[base_page.py-->INFO-->行号:177-->日志信息:在登录页面,进行登录操作的时候,对元素('xpath', "//input[@name='password']")输入admin,【成功】]
2021-11-29 07:15:47-->[base_page.py-->INFO-->行号:177-->日志信息:在登录页面,进行登录操作的时候,对元素('xpath', "//input[@name='password']")输入admin,【成功】]
2021-11-29 07:15:47-->[base_page.py-->INFO-->行号:70-->日志信息:在登录页面，进行登录操作，等待('xpath', "//span[text()='登录']")元素可见成功]
2021-11-29 07:15:47-->[base_page.py-->INFO-->行号:70-->日志信息:在登录页面，进行登录操作，等待('xpath', "//span[text()='登录']")元素可见成功]
2021-11-29 07:15:47-->[base_page.py-->INFO-->行号:154-->日志信息:在登录页面,进行登录操作的时候,点击元素('xpath', "//span[text()='登录']")成功]
2021-11-29 07:15:47-->[base_page.py-->INFO-->行号:154-->日志信息:在登录页面,进行登录操作的时候,点击元素('xpath', "//span[text()='登录']")成功]
2021-11-29 07:15:48-->[base_page.py-->INFO-->行号:122-->日志信息:在首页,进行点击系统设置操作,等待('xpath', '//span[text()="系统设置"]')元素出现【成功】]
2021-11-29 07:15:48-->[base_page.py-->INFO-->行号:122-->日志信息:在首页,进行点击系统设置操作,等待('xpath', '//span[text()="系统设置"]')元素出现【成功】]
2021-11-29 07:15:48-->[base_page.py-->INFO-->行号:154-->日志信息:在首页,进行点击系统设置操作的时候,点击元素('xpath', '//span[text()="系统设置"]')成功]
2021-11-29 07:15:48-->[base_page.py-->INFO-->行号:154-->日志信息:在首页,进行点击系统设置操作的时候,点击元素('xpath', '//span[text()="系统设置"]')成功]
2021-11-29 07:15:50-->[base_page.py-->INFO-->行号:122-->日志信息:在首页,进行点击部门管理操作,等待('xpath', '//span[text()="部门管理"]')元素出现【成功】]
2021-11-29 07:15:50-->[base_page.py-->INFO-->行号:122-->日志信息:在首页,进行点击部门管理操作,等待('xpath', '//span[text()="部门管理"]')元素出现【成功】]
2021-11-29 07:15:50-->[base_page.py-->INFO-->行号:154-->日志信息:在首页,进行点击部门管理操作的时候,点击元素('xpath', '//span[text()="部门管理"]')成功]
2021-11-29 07:15:50-->[base_page.py-->INFO-->行号:154-->日志信息:在首页,进行点击部门管理操作的时候,点击元素('xpath', '//span[text()="部门管理"]')成功]
2021-11-29 07:15:51-->[base_page.py-->INFO-->行号:122-->日志信息:在用户管理界面,进行输入部门名称操作,等待('xpath', "//input[@placeholder='搜索公司名称']")元素出现【成功】]
2021-11-29 07:15:51-->[base_page.py-->INFO-->行号:122-->日志信息:在用户管理界面,进行输入部门名称操作,等待('xpath', "//input[@placeholder='搜索公司名称']")元素出现【成功】]
2021-11-29 07:15:51-->[base_page.py-->INFO-->行号:177-->日志信息:在用户管理界面,进行输入部门名称操作的时候,对元素('xpath', "//input[@placeholder='搜索公司名称']")输入5,【成功】]
2021-11-29 07:15:51-->[base_page.py-->INFO-->行号:177-->日志信息:在用户管理界面,进行输入部门名称操作的时候,对元素('xpath', "//input[@placeholder='搜索公司名称']")输入5,【成功】]
2021-11-29 07:15:51-->[test_dept_manage.py-->INFO-->行号:38-->日志信息:部门管理页面开始断言]
2021-11-29 07:15:51-->[test_dept_manage.py-->INFO-->行号:38-->日志信息:部门管理页面开始断言]
2021-11-29 07:15:53-->[test_dept_manage.py-->INFO-->行号:93-->日志信息:部门管理页面获取的部门名称是:[]]
2021-11-29 07:15:53-->[test_dept_manage.py-->INFO-->行号:93-->日志信息:部门管理页面获取的部门名称是:[]]
2021-11-29 07:15:53-->[test_dept_manage.py-->INFO-->行号:58-->日志信息:在部门管理页面，生成的用户名是d_akvgc]
2021-11-29 07:15:53-->[test_dept_manage.py-->INFO-->行号:58-->日志信息:在部门管理页面，生成的用户名是d_akvgc]
2021-11-29 07:15:53-->[base_page.py-->INFO-->行号:122-->日志信息:在用户管理界面,进行输入部门名称操作,等待('xpath', "//input[@placeholder='搜索公司名称']")元素出现【成功】]
2021-11-29 07:15:53-->[base_page.py-->INFO-->行号:122-->日志信息:在用户管理界面,进行输入部门名称操作,等待('xpath', "//input[@placeholder='搜索公司名称']")元素出现【成功】]
2021-11-29 07:15:53-->[base_page.py-->INFO-->行号:177-->日志信息:在用户管理界面,进行输入部门名称操作的时候,对元素('xpath', "//input[@placeholder='搜索公司名称']")输入d_akvgc,【成功】]
2021-11-29 07:15:53-->[base_page.py-->INFO-->行号:177-->日志信息:在用户管理界面,进行输入部门名称操作的时候,对元素('xpath', "//input[@placeholder='搜索公司名称']")输入d_akvgc,【成功】]
2021-11-29 07:15:53-->[test_dept_manage.py-->INFO-->行号:64-->日志信息:部门管理页面开始断言]
2021-11-29 07:15:53-->[test_dept_manage.py-->INFO-->行号:64-->日志信息:部门管理页面开始断言]
2021-11-29 07:15:54-->[base_page.py-->INFO-->行号:122-->日志信息:在用户管理界面,进行查询不存在的部门元素定位操作,等待('xpath', "//span[@class='el-table__empty-text']")元素出现【成功】]
2021-11-29 07:15:54-->[base_page.py-->INFO-->行号:122-->日志信息:在用户管理界面,进行查询不存在的部门元素定位操作,等待('xpath', "//span[@class='el-table__empty-text']")元素出现【成功】]
2021-11-29 07:15:54-->[base_page.py-->INFO-->行号:195-->日志信息:在用户管理界面,进行>>查询不存在的部门元素定位<<操作获取元素('xpath', "//span[@class='el-table__empty-text']")文本内容【成功】,文本内容是:暂无数据]
2021-11-29 07:15:54-->[base_page.py-->INFO-->行号:195-->日志信息:在用户管理界面,进行>>查询不存在的部门元素定位<<操作获取元素('xpath', "//span[@class='el-table__empty-text']")文本内容【成功】,文本内容是:暂无数据]
2021-11-29 07:15:54-->[base_case_test.py-->INFO-->行号:49-->日志信息:XX功能:断言成功]
2021-11-29 07:15:54-->[base_case_test.py-->INFO-->行号:49-->日志信息:XX功能:断言成功]
2021-11-29 07:15:54-->[test_dept_manage.py-->INFO-->行号:66-->日志信息:部门管理页面断言成功]
2021-11-29 07:15:54-->[test_dept_manage.py-->INFO-->行号:66-->日志信息:部门管理页面断言成功]
2021-11-29 07:15:54-->[base_case_test.py-->INFO-->行号:29-->日志信息:=====>部门管理:执行测试结束<=====]
2021-11-29 07:15:54-->[base_case_test.py-->INFO-->行号:29-->日志信息:=====>部门管理:执行测试结束<=====]
2021-11-29 07:16:39-->[loging_handler.py-->INFO-->行号:66-->日志信息:sss]
2021-11-29 07:16:39-->[loging_handler.py-->INFO-->行号:66-->日志信息:sss]
2021-11-29 07:16:40-->[base_case_test.py-->INFO-->行号:25-->日志信息:=====>部门管理:开始执行测试<====]
2021-11-29 07:16:40-->[base_case_test.py-->INFO-->行号:25-->日志信息:=====>部门管理:开始执行测试<====]
2021-11-29 07:16:48-->[base_page.py-->INFO-->行号:70-->日志信息:在登录页面，进行登录操作，等待('xpath', "//input[@name='username']")元素可见成功]
2021-11-29 07:16:48-->[base_page.py-->INFO-->行号:70-->日志信息:在登录页面，进行登录操作，等待('xpath', "//input[@name='username']")元素可见成功]
2021-11-29 07:16:48-->[base_page.py-->INFO-->行号:177-->日志信息:在登录页面,进行登录操作的时候,对元素('xpath', "//input[@name='username']")输入admin,【成功】]
2021-11-29 07:16:48-->[base_page.py-->INFO-->行号:177-->日志信息:在登录页面,进行登录操作的时候,对元素('xpath', "//input[@name='username']")输入admin,【成功】]
2021-11-29 07:16:48-->[base_page.py-->INFO-->行号:70-->日志信息:在登录页面，进行登录操作，等待('xpath', "//input[@name='password']")元素可见成功]
2021-11-29 07:16:48-->[base_page.py-->INFO-->行号:70-->日志信息:在登录页面，进行登录操作，等待('xpath', "//input[@name='password']")元素可见成功]
2021-11-29 07:16:48-->[base_page.py-->INFO-->行号:177-->日志信息:在登录页面,进行登录操作的时候,对元素('xpath', "//input[@name='password']")输入admin,【成功】]
2021-11-29 07:16:48-->[base_page.py-->INFO-->行号:177-->日志信息:在登录页面,进行登录操作的时候,对元素('xpath', "//input[@name='password']")输入admin,【成功】]
2021-11-29 07:16:48-->[base_page.py-->INFO-->行号:70-->日志信息:在登录页面，进行登录操作，等待('xpath', "//span[text()='登录']")元素可见成功]
2021-11-29 07:16:48-->[base_page.py-->INFO-->行号:70-->日志信息:在登录页面，进行登录操作，等待('xpath', "//span[text()='登录']")元素可见成功]
2021-11-29 07:16:48-->[base_page.py-->INFO-->行号:154-->日志信息:在登录页面,进行登录操作的时候,点击元素('xpath', "//span[text()='登录']")成功]
2021-11-29 07:16:48-->[base_page.py-->INFO-->行号:154-->日志信息:在登录页面,进行登录操作的时候,点击元素('xpath', "//span[text()='登录']")成功]
2021-11-29 07:16:49-->[base_page.py-->INFO-->行号:122-->日志信息:在首页,进行点击系统设置操作,等待('xpath', '//span[text()="系统设置"]')元素出现【成功】]
2021-11-29 07:16:49-->[base_page.py-->INFO-->行号:122-->日志信息:在首页,进行点击系统设置操作,等待('xpath', '//span[text()="系统设置"]')元素出现【成功】]
2021-11-29 07:16:49-->[base_page.py-->INFO-->行号:154-->日志信息:在首页,进行点击系统设置操作的时候,点击元素('xpath', '//span[text()="系统设置"]')成功]
2021-11-29 07:16:49-->[base_page.py-->INFO-->行号:154-->日志信息:在首页,进行点击系统设置操作的时候,点击元素('xpath', '//span[text()="系统设置"]')成功]
2021-11-29 07:16:51-->[base_page.py-->INFO-->行号:122-->日志信息:在首页,进行点击部门管理操作,等待('xpath', '//span[text()="部门管理"]')元素出现【成功】]
2021-11-29 07:16:51-->[base_page.py-->INFO-->行号:122-->日志信息:在首页,进行点击部门管理操作,等待('xpath', '//span[text()="部门管理"]')元素出现【成功】]
2021-11-29 07:16:51-->[base_page.py-->INFO-->行号:154-->日志信息:在首页,进行点击部门管理操作的时候,点击元素('xpath', '//span[text()="部门管理"]')成功]
2021-11-29 07:16:51-->[base_page.py-->INFO-->行号:154-->日志信息:在首页,进行点击部门管理操作的时候,点击元素('xpath', '//span[text()="部门管理"]')成功]
2021-11-29 07:16:52-->[base_page.py-->INFO-->行号:122-->日志信息:在用户管理界面,进行输入部门名称操作,等待('xpath', "//input[@placeholder='搜索公司名称']")元素出现【成功】]
2021-11-29 07:16:52-->[base_page.py-->INFO-->行号:122-->日志信息:在用户管理界面,进行输入部门名称操作,等待('xpath', "//input[@placeholder='搜索公司名称']")元素出现【成功】]
2021-11-29 07:16:52-->[base_page.py-->INFO-->行号:177-->日志信息:在用户管理界面,进行输入部门名称操作的时候,对元素('xpath', "//input[@placeholder='搜索公司名称']")输入5,【成功】]
2021-11-29 07:16:52-->[base_page.py-->INFO-->行号:177-->日志信息:在用户管理界面,进行输入部门名称操作的时候,对元素('xpath', "//input[@placeholder='搜索公司名称']")输入5,【成功】]
2021-11-29 07:16:52-->[test_dept_manage.py-->INFO-->行号:38-->日志信息:部门管理页面开始断言]
2021-11-29 07:16:52-->[test_dept_manage.py-->INFO-->行号:38-->日志信息:部门管理页面开始断言]
2021-11-29 07:16:54-->[test_dept_manage.py-->INFO-->行号:93-->日志信息:部门管理页面获取的部门名称是:[]]
2021-11-29 07:16:54-->[test_dept_manage.py-->INFO-->行号:93-->日志信息:部门管理页面获取的部门名称是:[]]
2021-11-29 10:53:16-->[base_case_test.py-->INFO-->行号:29-->日志信息:=====>部门管理:执行测试结束<=====]
2021-11-29 10:53:16-->[base_case_test.py-->INFO-->行号:29-->日志信息:=====>部门管理:执行测试结束<=====]
